This is pdfTeX, Version 3.14159265-2.6-1.40.21 (MiKTeX 2.9.7400 64-bit) (preloaded format=pdflatex 2020.5.12)  13 APR 2022 15:02
entering extended mode
**./Thesis.tex
(Thesis.tex
LaTeX2e <2020-02-02> patch level 5
L3 programming layer <2020-04-06>
("C:\Program Files\MiKTeX 2.9\tex/latex/base\report.cls"
Document Class: report 2019/12/20 v1.4l Standard LaTeX document class
("C:\Program Files\MiKTeX 2.9\tex/latex/base\size11.clo"
File: size11.clo 2019/12/20 v1.4l Standard LaTeX file (size option)
)
\c@part=\count167
\c@chapter=\count168
\c@section=\count169
\c@subsection=\count170
\c@subsubsection=\count171
\c@paragraph=\count172
\c@subparagraph=\count173
\c@figure=\count174
\c@table=\count175
\abovecaptionskip=\skip47
\belowcaptionskip=\skip48
\bibindent=\dimen134
)
("C:\Program Files\MiKTeX 2.9\tex/latex/graphics\graphicx.sty"
Package: graphicx 2019/11/30 v1.2a Enhanced LaTeX Graphics (DPC,SPQR)

("C:\Program Files\MiKTeX 2.9\tex/latex/graphics\keyval.sty"
Package: keyval 2014/10/28 v1.15 key=value parser (DPC)
\KV@toks@=\toks15
)
("C:\Program Files\MiKTeX 2.9\tex/latex/graphics\graphics.sty"
Package: graphics 2019/11/30 v1.4a Standard LaTeX Graphics (DPC,SPQR)

("C:\Program Files\MiKTeX 2.9\tex/latex/graphics\trig.sty"
Package: trig 2016/01/03 v1.10 sin cos tan (DPC)
)
("C:\Program Files\MiKTeX 2.9\tex/latex/graphics-cfg\graphics.cfg"
File: graphics.cfg 2016/06/04 v1.11 sample graphics configuration
)
Package graphics Info: Driver file: pdftex.def on input line 105.

("C:\Program Files\MiKTeX 2.9\tex/latex/graphics-def\pdftex.def"
File: pdftex.def 2018/01/08 v1.0l Graphics/color driver for pdftex
))
\Gin@req@height=\dimen135
\Gin@req@width=\dimen136
)
("C:\Program Files\MiKTeX 2.9\tex/latex/geometry\geometry.sty"
Package: geometry 2020/01/02 v5.9 Page Geometry

("C:\Program Files\MiKTeX 2.9\tex/generic/iftex\ifvtex.sty"
Package: ifvtex 2019/10/25 v1.7 ifvtex legacy package. Use iftex instead.

("C:\Program Files\MiKTeX 2.9\tex/generic/iftex\iftex.sty"
Package: iftex 2020/03/06 v1.0d TeX engine tests
))
\Gm@cnth=\count176
\Gm@cntv=\count177
\c@Gm@tempcnt=\count178
\Gm@bindingoffset=\dimen137
\Gm@wd@mp=\dimen138
\Gm@odd@mp=\dimen139
\Gm@even@mp=\dimen140
\Gm@layoutwidth=\dimen141
\Gm@layoutheight=\dimen142
\Gm@layouthoffset=\dimen143
\Gm@layoutvoffset=\dimen144
\Gm@dimlist=\toks16

("C:\Program Files\MiKTeX 2.9\tex/latex/geometry\geometry.cfg"))
("C:\Program Files\MiKTeX 2.9\tex/latex/base\fontenc.sty"
Package: fontenc 2020/02/11 v2.0o Standard LaTeX package
)
("C:\Program Files\MiKTeX 2.9\tex/latex/setspace\setspace.sty"
Package: setspace 2011/12/19 v6.7a set line spacing
)
("C:\Program Files\MiKTeX 2.9\tex/latex/pgf/frontendlayer\tikz.sty"
("C:\Program Files\MiKTeX 2.9\tex/latex/pgf/basiclayer\pgf.sty"
("C:\Program Files\MiKTeX 2.9\tex/latex/pgf/utilities\pgfrcs.sty"
("C:\Program Files\MiKTeX 2.9\tex/generic/pgf/utilities\pgfutil-common.tex"
\pgfutil@everybye=\toks17
\pgfutil@tempdima=\dimen145
\pgfutil@tempdimb=\dimen146

("C:\Program Files\MiKTeX 2.9\tex/generic/pgf/utilities\pgfutil-common-lists.te
x")) ("C:\Program Files\MiKTeX 2.9\tex/generic/pgf/utilities\pgfutil-latex.def"
\pgfutil@abb=\box45
("C:\Program Files\MiKTeX 2.9\tex/latex/ms\everyshi.sty"
Package: everyshi 2001/05/15 v3.00 EveryShipout Package (MS)
))
("C:\Program Files\MiKTeX 2.9\tex/generic/pgf/utilities\pgfrcs.code.tex"
("C:\Program Files\MiKTeX 2.9\tex/generic/pgf\pgf.revision.tex")
Package: pgfrcs 2020/01/08 v3.1.5b (3.1.5b)
))
Package: pgf 2020/01/08 v3.1.5b (3.1.5b)

("C:\Program Files\MiKTeX 2.9\tex/latex/pgf/basiclayer\pgfcore.sty"
("C:\Program Files\MiKTeX 2.9\tex/latex/pgf/systemlayer\pgfsys.sty"
("C:\Program Files\MiKTeX 2.9\tex/generic/pgf/systemlayer\pgfsys.code.tex"
Package: pgfsys 2020/01/08 v3.1.5b (3.1.5b)

("C:\Program Files\MiKTeX 2.9\tex/generic/pgf/utilities\pgfkeys.code.tex"
\pgfkeys@pathtoks=\toks18
\pgfkeys@temptoks=\toks19

("C:\Program Files\MiKTeX 2.9\tex/generic/pgf/utilities\pgfkeysfiltered.code.te
x"
\pgfkeys@tmptoks=\toks20
))
\pgf@x=\dimen147
\pgf@y=\dimen148
\pgf@xa=\dimen149
\pgf@ya=\dimen150
\pgf@xb=\dimen151
\pgf@yb=\dimen152
\pgf@xc=\dimen153
\pgf@yc=\dimen154
\pgf@xd=\dimen155
\pgf@yd=\dimen156
\w@pgf@writea=\write3
\r@pgf@reada=\read2
\c@pgf@counta=\count179
\c@pgf@countb=\count180
\c@pgf@countc=\count181
\c@pgf@countd=\count182
\t@pgf@toka=\toks21
\t@pgf@tokb=\toks22
\t@pgf@tokc=\toks23
\pgf@sys@id@count=\count183
 ("C:\Program Files\MiKTeX 2.9\tex/generic/pgf/systemlayer\pgf.cfg"
File: pgf.cfg 2020/01/08 v3.1.5b (3.1.5b)
)
Driver file for pgf: pgfsys-pdftex.def

("C:\Program Files\MiKTeX 2.9\tex/generic/pgf/systemlayer\pgfsys-pdftex.def"
File: pgfsys-pdftex.def 2020/01/08 v3.1.5b (3.1.5b)

("C:\Program Files\MiKTeX 2.9\tex/generic/pgf/systemlayer\pgfsys-common-pdf.def
"
File: pgfsys-common-pdf.def 2020/01/08 v3.1.5b (3.1.5b)
)))
("C:\Program Files\MiKTeX 2.9\tex/generic/pgf/systemlayer\pgfsyssoftpath.code.t
ex"
File: pgfsyssoftpath.code.tex 2020/01/08 v3.1.5b (3.1.5b)
\pgfsyssoftpath@smallbuffer@items=\count184
\pgfsyssoftpath@bigbuffer@items=\count185
)
("C:\Program Files\MiKTeX 2.9\tex/generic/pgf/systemlayer\pgfsysprotocol.code.t
ex"
File: pgfsysprotocol.code.tex 2020/01/08 v3.1.5b (3.1.5b)
)) ("C:\Program Files\MiKTeX 2.9\tex/latex/xcolor\xcolor.sty"
Package: xcolor 2016/05/11 v2.12 LaTeX color extensions (UK)

("C:\Program Files\MiKTeX 2.9\tex/latex/graphics-cfg\color.cfg"
File: color.cfg 2016/01/02 v1.6 sample color configuration
)
Package xcolor Info: Driver file: pdftex.def on input line 225.
Package xcolor Info: Model `cmy' substituted by `cmy0' on input line 1348.
Package xcolor Info: Model `hsb' substituted by `rgb' on input line 1352.
Package xcolor Info: Model `RGB' extended on input line 1364.
Package xcolor Info: Model `HTML' substituted by `rgb' on input line 1366.
Package xcolor Info: Model `Hsb' substituted by `hsb' on input line 1367.
Package xcolor Info: Model `tHsb' substituted by `hsb' on input line 1368.
Package xcolor Info: Model `HSB' substituted by `hsb' on input line 1369.
Package xcolor Info: Model `Gray' substituted by `gray' on input line 1370.
Package xcolor Info: Model `wave' substituted by `hsb' on input line 1371.
)
("C:\Program Files\MiKTeX 2.9\tex/generic/pgf/basiclayer\pgfcore.code.tex"
Package: pgfcore 2020/01/08 v3.1.5b (3.1.5b)

("C:\Program Files\MiKTeX 2.9\tex/generic/pgf/math\pgfmath.code.tex"
("C:\Program Files\MiKTeX 2.9\tex/generic/pgf/math\pgfmathcalc.code.tex"
("C:\Program Files\MiKTeX 2.9\tex/generic/pgf/math\pgfmathutil.code.tex")
("C:\Program Files\MiKTeX 2.9\tex/generic/pgf/math\pgfmathparser.code.tex"
\pgfmath@dimen=\dimen157
\pgfmath@count=\count186
\pgfmath@box=\box46
\pgfmath@toks=\toks24
\pgfmath@stack@operand=\toks25
\pgfmath@stack@operation=\toks26
)
("C:\Program Files\MiKTeX 2.9\tex/generic/pgf/math\pgfmathfunctions.code.tex"
("C:\Program Files\MiKTeX 2.9\tex/generic/pgf/math\pgfmathfunctions.basic.code.
tex")
("C:\Program Files\MiKTeX 2.9\tex/generic/pgf/math\pgfmathfunctions.trigonometr
ic.code.tex")
("C:\Program Files\MiKTeX 2.9\tex/generic/pgf/math\pgfmathfunctions.random.code
.tex")
("C:\Program Files\MiKTeX 2.9\tex/generic/pgf/math\pgfmathfunctions.comparison.
code.tex")
("C:\Program Files\MiKTeX 2.9\tex/generic/pgf/math\pgfmathfunctions.base.code.t
ex")
("C:\Program Files\MiKTeX 2.9\tex/generic/pgf/math\pgfmathfunctions.round.code.
tex")
("C:\Program Files\MiKTeX 2.9\tex/generic/pgf/math\pgfmathfunctions.misc.code.t
ex")
("C:\Program Files\MiKTeX 2.9\tex/generic/pgf/math\pgfmathfunctions.integerarit
hmetics.code.tex")))
("C:\Program Files\MiKTeX 2.9\tex/generic/pgf/math\pgfmathfloat.code.tex"
\c@pgfmathroundto@lastzeros=\count187
))
("C:\Program Files\MiKTeX 2.9\tex/generic/pgf/math\pgfint.code.tex")
("C:\Program Files\MiKTeX 2.9\tex/generic/pgf/basiclayer\pgfcorepoints.code.tex
"
File: pgfcorepoints.code.tex 2020/01/08 v3.1.5b (3.1.5b)
\pgf@picminx=\dimen158
\pgf@picmaxx=\dimen159
\pgf@picminy=\dimen160
\pgf@picmaxy=\dimen161
\pgf@pathminx=\dimen162
\pgf@pathmaxx=\dimen163
\pgf@pathminy=\dimen164
\pgf@pathmaxy=\dimen165
\pgf@xx=\dimen166
\pgf@xy=\dimen167
\pgf@yx=\dimen168
\pgf@yy=\dimen169
\pgf@zx=\dimen170
\pgf@zy=\dimen171
)
("C:\Program Files\MiKTeX 2.9\tex/generic/pgf/basiclayer\pgfcorepathconstruct.c
ode.tex"
File: pgfcorepathconstruct.code.tex 2020/01/08 v3.1.5b (3.1.5b)
\pgf@path@lastx=\dimen172
\pgf@path@lasty=\dimen173
)
("C:\Program Files\MiKTeX 2.9\tex/generic/pgf/basiclayer\pgfcorepathusage.code.
tex"
File: pgfcorepathusage.code.tex 2020/01/08 v3.1.5b (3.1.5b)
\pgf@shorten@end@additional=\dimen174
\pgf@shorten@start@additional=\dimen175
)
("C:\Program Files\MiKTeX 2.9\tex/generic/pgf/basiclayer\pgfcorescopes.code.tex
"
File: pgfcorescopes.code.tex 2020/01/08 v3.1.5b (3.1.5b)
\pgfpic=\box47
\pgf@hbox=\box48
\pgf@layerbox@main=\box49
\pgf@picture@serial@count=\count188
)
("C:\Program Files\MiKTeX 2.9\tex/generic/pgf/basiclayer\pgfcoregraphicstate.co
de.tex"
File: pgfcoregraphicstate.code.tex 2020/01/08 v3.1.5b (3.1.5b)
\pgflinewidth=\dimen176
)
("C:\Program Files\MiKTeX 2.9\tex/generic/pgf/basiclayer\pgfcoretransformations
.code.tex"
File: pgfcoretransformations.code.tex 2020/01/08 v3.1.5b (3.1.5b)
\pgf@pt@x=\dimen177
\pgf@pt@y=\dimen178
\pgf@pt@temp=\dimen179
)
("C:\Program Files\MiKTeX 2.9\tex/generic/pgf/basiclayer\pgfcorequick.code.tex"
File: pgfcorequick.code.tex 2020/01/08 v3.1.5b (3.1.5b)
)
("C:\Program Files\MiKTeX 2.9\tex/generic/pgf/basiclayer\pgfcoreobjects.code.te
x"
File: pgfcoreobjects.code.tex 2020/01/08 v3.1.5b (3.1.5b)
)
("C:\Program Files\MiKTeX 2.9\tex/generic/pgf/basiclayer\pgfcorepathprocessing.
code.tex"
File: pgfcorepathprocessing.code.tex 2020/01/08 v3.1.5b (3.1.5b)
)
("C:\Program Files\MiKTeX 2.9\tex/generic/pgf/basiclayer\pgfcorearrows.code.tex
"
File: pgfcorearrows.code.tex 2020/01/08 v3.1.5b (3.1.5b)
\pgfarrowsep=\dimen180
)
("C:\Program Files\MiKTeX 2.9\tex/generic/pgf/basiclayer\pgfcoreshade.code.tex"
File: pgfcoreshade.code.tex 2020/01/08 v3.1.5b (3.1.5b)
\pgf@max=\dimen181
\pgf@sys@shading@range@num=\count189
\pgf@shadingcount=\count190
) ("C:\Program Files\MiKTeX 2.9\tex/generic/pgf/basiclayer\pgfcoreimage.code.te
x"
File: pgfcoreimage.code.tex 2020/01/08 v3.1.5b (3.1.5b)

("C:\Program Files\MiKTeX 2.9\tex/generic/pgf/basiclayer\pgfcoreexternal.code.t
ex"
File: pgfcoreexternal.code.tex 2020/01/08 v3.1.5b (3.1.5b)
\pgfexternal@startupbox=\box50
))
("C:\Program Files\MiKTeX 2.9\tex/generic/pgf/basiclayer\pgfcorelayers.code.tex
"
File: pgfcorelayers.code.tex 2020/01/08 v3.1.5b (3.1.5b)
)
("C:\Program Files\MiKTeX 2.9\tex/generic/pgf/basiclayer\pgfcoretransparency.co
de.tex"
File: pgfcoretransparency.code.tex 2020/01/08 v3.1.5b (3.1.5b)
)
("C:\Program Files\MiKTeX 2.9\tex/generic/pgf/basiclayer\pgfcorepatterns.code.t
ex"
File: pgfcorepatterns.code.tex 2020/01/08 v3.1.5b (3.1.5b)
)
("C:\Program Files\MiKTeX 2.9\tex/generic/pgf/basiclayer\pgfcorerdf.code.tex"
File: pgfcorerdf.code.tex 2020/01/08 v3.1.5b (3.1.5b)
))) ("C:\Program Files\MiKTeX 2.9\tex/generic/pgf/modules\pgfmoduleshapes.code.
tex"
File: pgfmoduleshapes.code.tex 2020/01/08 v3.1.5b (3.1.5b)
\pgfnodeparttextbox=\box51
) ("C:\Program Files\MiKTeX 2.9\tex/generic/pgf/modules\pgfmoduleplot.code.tex"
File: pgfmoduleplot.code.tex 2020/01/08 v3.1.5b (3.1.5b)
)
("C:\Program Files\MiKTeX 2.9\tex/latex/pgf/compatibility\pgfcomp-version-0-65.
sty"
Package: pgfcomp-version-0-65 2020/01/08 v3.1.5b (3.1.5b)
\pgf@nodesepstart=\dimen182
\pgf@nodesepend=\dimen183
)
("C:\Program Files\MiKTeX 2.9\tex/latex/pgf/compatibility\pgfcomp-version-1-18.
sty"
Package: pgfcomp-version-1-18 2020/01/08 v3.1.5b (3.1.5b)
)) ("C:\Program Files\MiKTeX 2.9\tex/latex/pgf/utilities\pgffor.sty"
("C:\Program Files\MiKTeX 2.9\tex/latex/pgf/utilities\pgfkeys.sty"
("C:\Program Files\MiKTeX 2.9\tex/generic/pgf/utilities\pgfkeys.code.tex"))
("C:\Program Files\MiKTeX 2.9\tex/latex/pgf/math\pgfmath.sty"
("C:\Program Files\MiKTeX 2.9\tex/generic/pgf/math\pgfmath.code.tex"))
("C:\Program Files\MiKTeX 2.9\tex/generic/pgf/utilities\pgffor.code.tex"
Package: pgffor 2020/01/08 v3.1.5b (3.1.5b)

("C:\Program Files\MiKTeX 2.9\tex/generic/pgf/math\pgfmath.code.tex")
\pgffor@iter=\dimen184
\pgffor@skip=\dimen185
\pgffor@stack=\toks27
\pgffor@toks=\toks28
))
("C:\Program Files\MiKTeX 2.9\tex/generic/pgf/frontendlayer/tikz\tikz.code.tex"
Package: tikz 2020/01/08 v3.1.5b (3.1.5b)

("C:\Program Files\MiKTeX 2.9\tex/generic/pgf/libraries\pgflibraryplothandlers.
code.tex"
File: pgflibraryplothandlers.code.tex 2020/01/08 v3.1.5b (3.1.5b)
\pgf@plot@mark@count=\count191
\pgfplotmarksize=\dimen186
)
\tikz@lastx=\dimen187
\tikz@lasty=\dimen188
\tikz@lastxsaved=\dimen189
\tikz@lastysaved=\dimen190
\tikz@lastmovetox=\dimen191
\tikz@lastmovetoy=\dimen192
\tikzleveldistance=\dimen193
\tikzsiblingdistance=\dimen194
\tikz@figbox=\box52
\tikz@figbox@bg=\box53
\tikz@tempbox=\box54
\tikz@tempbox@bg=\box55
\tikztreelevel=\count192
\tikznumberofchildren=\count193
\tikznumberofcurrentchild=\count194
\tikz@fig@count=\count195

("C:\Program Files\MiKTeX 2.9\tex/generic/pgf/modules\pgfmodulematrix.code.tex"
File: pgfmodulematrix.code.tex 2020/01/08 v3.1.5b (3.1.5b)
\pgfmatrixcurrentrow=\count196
\pgfmatrixcurrentcolumn=\count197
\pgf@matrix@numberofcolumns=\count198
)
\tikz@expandcount=\count199

("C:\Program Files\MiKTeX 2.9\tex/generic/pgf/frontendlayer/tikz/libraries\tikz
librarytopaths.code.tex"
File: tikzlibrarytopaths.code.tex 2020/01/08 v3.1.5b (3.1.5b)
)))
("C:\Program Files\MiKTeX 2.9\tex/latex/amsmath\amsmath.sty"
Package: amsmath 2020/01/20 v2.17e AMS math features
\@mathmargin=\skip49

For additional information on amsmath, use the `?' option.
("C:\Program Files\MiKTeX 2.9\tex/latex/amsmath\amstext.sty"
Package: amstext 2000/06/29 v2.01 AMS text

("C:\Program Files\MiKTeX 2.9\tex/latex/amsmath\amsgen.sty"
File: amsgen.sty 1999/11/30 v2.0 generic functions
\@emptytoks=\toks29
\ex@=\dimen195
))
("C:\Program Files\MiKTeX 2.9\tex/latex/amsmath\amsbsy.sty"
Package: amsbsy 1999/11/29 v1.2d Bold Symbols
\pmbraise@=\dimen196
)
("C:\Program Files\MiKTeX 2.9\tex/latex/amsmath\amsopn.sty"
Package: amsopn 2016/03/08 v2.02 operator names
)
\inf@bad=\count266
LaTeX Info: Redefining \frac on input line 227.
\uproot@=\count267
\leftroot@=\count268
LaTeX Info: Redefining \overline on input line 389.
\classnum@=\count269
\DOTSCASE@=\count270
LaTeX Info: Redefining \ldots on input line 486.
LaTeX Info: Redefining \dots on input line 489.
LaTeX Info: Redefining \cdots on input line 610.
\Mathstrutbox@=\box56
\strutbox@=\box57
\big@size=\dimen197
LaTeX Font Info:    Redeclaring font encoding OML on input line 733.
LaTeX Font Info:    Redeclaring font encoding OMS on input line 734.
\macc@depth=\count271
\c@MaxMatrixCols=\count272
\dotsspace@=\muskip16
\c@parentequation=\count273
\dspbrk@lvl=\count274
\tag@help=\toks30
\row@=\count275
\column@=\count276
\maxfields@=\count277
\andhelp@=\toks31
\eqnshift@=\dimen198
\alignsep@=\dimen199
\tagshift@=\dimen256
\tagwidth@=\dimen257
\totwidth@=\dimen258
\lineht@=\dimen259
\@envbody=\toks32
\multlinegap=\skip50
\multlinetaggap=\skip51
\mathdisplay@stack=\toks33
LaTeX Info: Redefining \[ on input line 2859.
LaTeX Info: Redefining \] on input line 2860.
)
("C:\Program Files\MiKTeX 2.9\tex/latex/amsfonts\amssymb.sty"
Package: amssymb 2013/01/14 v3.01 AMS font symbols

("C:\Program Files\MiKTeX 2.9\tex/latex/amsfonts\amsfonts.sty"
Package: amsfonts 2013/01/14 v3.01 Basic AMSFonts support
\symAMSa=\mathgroup4
\symAMSb=\mathgroup5
LaTeX Font Info:    Redeclaring math symbol \hbar on input line 98.
LaTeX Font Info:    Overwriting math alphabet `\mathfrak' in version `bold'
(Font)                  U/euf/m/n --> U/euf/b/n on input line 106.
))
("C:\Program Files\MiKTeX 2.9\tex/latex/tools\verbatim.sty"
Package: verbatim 2019/11/10 v1.5r LaTeX2e package for verbatim enhancements
\every@verbatim=\toks34
\verbatim@line=\toks35
\verbatim@in@stream=\read3
)
("C:\Program Files\MiKTeX 2.9\tex/latex/graphics\lscape.sty"
Package: lscape 2000/10/22 v3.01 Landscape Pages (DPC)
)
("C:\Program Files\MiKTeX 2.9\tex/latex/mdframed\mdframed.sty"
Package: mdframed 2013/07/01 1.9b: mdframed

("C:\Program Files\MiKTeX 2.9\tex/latex/kvoptions\kvoptions.sty"
Package: kvoptions 2019/11/29 v3.13 Key value format for package options (HO)

("C:\Program Files\MiKTeX 2.9\tex/generic/ltxcmds\ltxcmds.sty"
Package: ltxcmds 2019/12/15 v1.24 LaTeX kernel commands for general use (HO)
)
("C:\Program Files\MiKTeX 2.9\tex/generic/kvsetkeys\kvsetkeys.sty"
Package: kvsetkeys 2019/12/15 v1.18 Key value parser (HO)
))
("C:\Program Files\MiKTeX 2.9\tex/latex/l3packages/xparse\xparse.sty"
("C:\Program Files\MiKTeX 2.9\tex/latex/l3kernel\expl3.sty"
Package: expl3 2020-04-06 L3 programming layer (loader) 

("C:\Program Files\MiKTeX 2.9\tex/latex/l3backend\l3backend-pdfmode.def"
File: l3backend-pdfmode.def 2020-03-12 L3 backend support: PDF mode
\l__kernel_color_stack_int=\count278
\l__pdf_internal_box=\box58
))
Package: xparse 2020-03-06 L3 Experimental document command parser
\l__xparse_current_arg_int=\count279
\g__xparse_grabber_int=\count280
\l__xparse_m_args_int=\count281
\l__xparse_v_nesting_int=\count282
)
("C:\Program Files\MiKTeX 2.9\tex/latex/etoolbox\etoolbox.sty"
Package: etoolbox 2019/09/21 v2.5h e-TeX tools for LaTeX (JAW)
\etb@tempcnta=\count283
)
("C:\Program Files\MiKTeX 2.9\tex/latex/zref\zref-abspage.sty"
Package: zref-abspage 2020-07-03 v2.32 Module abspage for zref (HO)

("C:\Program Files\MiKTeX 2.9\tex/latex/zref\zref-base.sty"
Package: zref-base 2020-07-03 v2.32 Module base for zref (HO)

("C:\Program Files\MiKTeX 2.9\tex/generic/infwarerr\infwarerr.sty"
Package: infwarerr 2019/12/03 v1.5 Providing info/warning/error messages (HO)
)
("C:\Program Files\MiKTeX 2.9\tex/generic/kvdefinekeys\kvdefinekeys.sty"
Package: kvdefinekeys 2019-12-19 v1.6 Define keys (HO)
)
("C:\Program Files\MiKTeX 2.9\tex/latex/pdftexcmds\pdftexcmds.sty"
Package: pdftexcmds 2019/11/24 v0.31 Utility functions of pdfTeX for LuaTeX (HO
)
Package pdftexcmds Info: \pdf@primitive is available.
Package pdftexcmds Info: \pdf@ifprimitive is available.
Package pdftexcmds Info: \pdfdraftmode found.
)
("C:\Program Files\MiKTeX 2.9\tex/generic/etexcmds\etexcmds.sty"
Package: etexcmds 2019/12/15 v1.7 Avoid name clashes with e-TeX commands (HO)
)
("C:\Program Files\MiKTeX 2.9\tex/latex/auxhook\auxhook.sty"
Package: auxhook 2019-12-17 v1.6 Hooks for auxiliary files (HO)
)
Package zref Info: New property list: main on input line 764.
Package zref Info: New property: default on input line 765.
Package zref Info: New property: page on input line 766.
)
("C:\Program Files\MiKTeX 2.9\tex/generic/atbegshi\atbegshi.sty"
Package: atbegshi 2019/12/05 v1.19 At begin shipout hook (HO)
)
\c@abspage=\count284
Package zref Info: New property: abspage on input line 66.
)
("C:\Program Files\MiKTeX 2.9\tex/latex/needspace\needspace.sty"
Package: needspace 2010/09/12 v1.3d reserve vertical space
)
\mdf@templength=\skip52
\c@mdf@globalstyle@cnt=\count285
\mdf@skipabove@length=\skip53
\mdf@skipbelow@length=\skip54
\mdf@leftmargin@length=\skip55
\mdf@rightmargin@length=\skip56
\mdf@innerleftmargin@length=\skip57
\mdf@innerrightmargin@length=\skip58
\mdf@innertopmargin@length=\skip59
\mdf@innerbottommargin@length=\skip60
\mdf@splittopskip@length=\skip61
\mdf@splitbottomskip@length=\skip62
\mdf@outermargin@length=\skip63
\mdf@innermargin@length=\skip64
\mdf@linewidth@length=\skip65
\mdf@innerlinewidth@length=\skip66
\mdf@middlelinewidth@length=\skip67
\mdf@outerlinewidth@length=\skip68
\mdf@roundcorner@length=\skip69
\mdf@footenotedistance@length=\skip70
\mdf@userdefinedwidth@length=\skip71
\mdf@needspace@length=\skip72
\mdf@frametitleaboveskip@length=\skip73
\mdf@frametitlebelowskip@length=\skip74
\mdf@frametitlerulewidth@length=\skip75
\mdf@frametitleleftmargin@length=\skip76
\mdf@frametitlerightmargin@length=\skip77
\mdf@shadowsize@length=\skip78
\mdf@extratopheight@length=\skip79
\mdf@subtitleabovelinewidth@length=\skip80
\mdf@subtitlebelowlinewidth@length=\skip81
\mdf@subtitleaboveskip@length=\skip82
\mdf@subtitlebelowskip@length=\skip83
\mdf@subtitleinneraboveskip@length=\skip84
\mdf@subtitleinnerbelowskip@length=\skip85
\mdf@subsubtitleabovelinewidth@length=\skip86
\mdf@subsubtitlebelowlinewidth@length=\skip87
\mdf@subsubtitleaboveskip@length=\skip88
\mdf@subsubtitlebelowskip@length=\skip89
\mdf@subsubtitleinneraboveskip@length=\skip90
\mdf@subsubtitleinnerbelowskip@length=\skip91

("C:\Program Files\MiKTeX 2.9\tex/latex/mdframed\md-frame-0.mdf"
File: md-frame-0.mdf 2013/07/01\ 1.9b: md-frame-0
)
\mdf@frametitlebox=\box59
\mdf@footnotebox=\box60
\mdf@splitbox@one=\box61
\mdf@splitbox@two=\box62
\mdf@splitbox@save=\box63
\mdfsplitboxwidth=\skip92
\mdfsplitboxtotalwidth=\skip93
\mdfsplitboxheight=\skip94
\mdfsplitboxdepth=\skip95
\mdfsplitboxtotalheight=\skip96
\mdfframetitleboxwidth=\skip97
\mdfframetitleboxtotalwidth=\skip98
\mdfframetitleboxheight=\skip99
\mdfframetitleboxdepth=\skip100
\mdfframetitleboxtotalheight=\skip101
\mdffootnoteboxwidth=\skip102
\mdffootnoteboxtotalwidth=\skip103
\mdffootnoteboxheight=\skip104
\mdffootnoteboxdepth=\skip105
\mdffootnoteboxtotalheight=\skip106
\mdftotallinewidth=\skip107
\mdfboundingboxwidth=\skip108
\mdfboundingboxtotalwidth=\skip109
\mdfboundingboxheight=\skip110
\mdfboundingboxdepth=\skip111
\mdfboundingboxtotalheight=\skip112
\mdf@freevspace@length=\skip113
\mdf@horizontalwidthofbox@length=\skip114
\mdf@verticalmarginwhole@length=\skip115
\mdf@horizontalspaceofbox=\skip116
\mdfsubtitleheight=\skip117
\mdfsubsubtitleheight=\skip118
\c@mdfcountframes=\count286

****** mdframed patching \endmdf@trivlist

****** -- success******

\mdf@envdepth=\count287
\c@mdf@env@i=\count288
\c@mdf@env@ii=\count289
\c@mdf@zref@counter=\count290
Package zref Info: New property: mdf@pagevalue on input line 895.
)
("C:\Program Files\MiKTeX 2.9\tex/latex/titlesec\titlesec.sty"
Package: titlesec 2019/10/16 v2.13 Sectioning titles
\ttl@box=\box64
\beforetitleunit=\skip119
\aftertitleunit=\skip120
\ttl@plus=\dimen260
\ttl@minus=\dimen261
\ttl@toksa=\toks36
\titlewidth=\dimen262
\titlewidthlast=\dimen263
\titlewidthfirst=\dimen264
)
("C:\Program Files\MiKTeX 2.9\tex/latex/blindtext\blindtext.sty"
Package: blindtext 2012/01/06 V2.0 blindtext-Package

("C:\Program Files\MiKTeX 2.9\tex/latex/tools\xspace.sty"
Package: xspace 2014/10/28 v1.13 Space after command names (DPC,MH)
)
\c@blindtext=\count291
\c@Blindtext=\count292
\c@blind@countparstart=\count293
\blind@countxx=\count294
\blindtext@numBlindtext=\count295
\blind@countyy=\count296
\c@blindlist=\count297
\c@blindlistlevel=\count298
\c@blindlist@level=\count299
\blind@listitem=\count300
\c@blind@listcount=\count301
\c@blind@levelcount=\count302
\blind@mathformula=\count303
\blind@Mathformula=\count304
\c@blind@randomcount=\count305
\c@blind@randommax=\count306
\c@blind@pangramcount=\count307
\c@blind@pangrammax=\count308
)
("C:\Program Files\MiKTeX 2.9\tex/latex/caption\caption.sty"
Package: caption 2020/01/03 v3.4h Customizing captions (AR)

("C:\Program Files\MiKTeX 2.9\tex/latex/caption\caption3.sty"
Package: caption3 2020/01/03 v1.8h caption3 kernel (AR)
Package caption3 Info: TeX engine: e-TeX on input line 61.
\captionmargin=\dimen265
\captionmargin@=\dimen266
\captionwidth=\dimen267
\caption@tempdima=\dimen268
\caption@indent=\dimen269
\caption@parindent=\dimen270
\caption@hangindent=\dimen271
Package caption Info: Standard document class detected.
)
\c@caption@flags=\count309
\c@continuedfloat=\count310
)
("C:\Program Files\MiKTeX 2.9\tex/latex/multirow\multirow.sty"
Package: multirow 2019/05/31 v2.5 Span multiple rows of a table
\multirow@colwidth=\skip121
\multirow@cntb=\count311
\multirow@dima=\skip122
\bigstrutjot=\dimen272
)
("C:\Program Files\MiKTeX 2.9\tex/latex/tools\array.sty"
Package: array 2019/08/31 v2.4l Tabular extension package (FMi)
\col@sep=\dimen273
\ar@mcellbox=\box65
\extrarowheight=\dimen274
\NC@list=\toks37
\extratabsurround=\skip123
\backup@length=\skip124
\ar@cellbox=\box66
)
("C:\Program Files\MiKTeX 2.9\tex/latex/csvsimple\csvsimple.sty"
Package: csvsimple 2019/04/09 version 1.21 LaTeX CSV file processing

("C:\Program Files\MiKTeX 2.9\tex/latex/base\ifthen.sty"
Package: ifthen 2014/09/29 v1.1c Standard LaTeX ifthen package (DPC)
)
("C:\Program Files\MiKTeX 2.9\tex/latex/tools\shellesc.sty"
Package: shellesc 2019/11/08 v1.0c unified shell escape interface for LaTeX
Package shellesc Info: Restricted shell escape enabled on input line 77.
)
\csv@file=\read4
\c@csvinputline=\count312
\c@csvrow=\count313
\c@csvcol=\count314
\csv@out=\write4
)
("C:\Program Files\MiKTeX 2.9\tex/latex/biblatex\biblatex.sty"
Package: biblatex 2019/12/01 v3.14 programmable bibliographies (PK/MW)

("C:\Program Files\MiKTeX 2.9\tex/latex/logreq\logreq.sty"
Package: logreq 2010/08/04 v1.0 xml request logger
\lrq@indent=\count315

("C:\Program Files\MiKTeX 2.9\tex/latex/logreq\logreq.def"
File: logreq.def 2010/08/04 v1.0 logreq spec v1.0
))
("C:\Program Files\MiKTeX 2.9\tex/latex/url\url.sty"
\Urlmuskip=\muskip17
Package: url 2013/09/16  ver 3.4  Verb mode for urls, etc.
)
\c@tabx@nest=\count316
\c@listtotal=\count317
\c@listcount=\count318
\c@liststart=\count319
\c@liststop=\count320
\c@citecount=\count321
\c@citetotal=\count322
\c@multicitecount=\count323
\c@multicitetotal=\count324
\c@instcount=\count325
\c@maxnames=\count326
\c@minnames=\count327
\c@maxitems=\count328
\c@minitems=\count329
\c@citecounter=\count330
\c@maxcitecounter=\count331
\c@savedcitecounter=\count332
\c@uniquelist=\count333
\c@uniquename=\count334
\c@refsection=\count335
\c@refsegment=\count336
\c@maxextratitle=\count337
\c@maxextratitleyear=\count338
\c@maxextraname=\count339
\c@maxextradate=\count340
\c@maxextraalpha=\count341
\c@abbrvpenalty=\count342
\c@highnamepenalty=\count343
\c@lownamepenalty=\count344
\c@maxparens=\count345
\c@parenlevel=\count346
\blx@tempcnta=\count347
\blx@tempcntb=\count348
\blx@tempcntc=\count349
\blx@maxsection=\count350
\blx@maxsegment@0=\count351
\blx@notetype=\count352
\blx@parenlevel@text=\count353
\blx@parenlevel@foot=\count354
\blx@sectionciteorder@0=\count355
\blx@entrysetcounter=\count356
\labelnumberwidth=\skip125
\labelalphawidth=\skip126
\biblabelsep=\skip127
\bibitemsep=\skip128
\bibnamesep=\skip129
\bibinitsep=\skip130
\bibparsep=\skip131
\bibhang=\skip132
\blx@bcfin=\read5
\blx@bcfout=\write5
\blx@langwohyphens=\language78
\c@mincomprange=\count357
\c@maxcomprange=\count358
\c@mincompwidth=\count359
Package biblatex Info: Trying to load biblatex default data model...
Package biblatex Info: ... file 'blx-dm.def' found.

("C:\Program Files\MiKTeX 2.9\tex/latex/biblatex\blx-dm.def"
File: blx-dm.def 2019/12/01 v3.14 biblatex localization (PK/MW)
)
Package biblatex Info: Trying to load biblatex style data model...
Package biblatex Info: ... file 'authoryear-comp.dbx' not found.
Package biblatex Info: Trying to load biblatex custom data model...
Package biblatex Info: ... file 'biblatex-dm.cfg' not found.
\c@afterword=\count360
\c@savedafterword=\count361
\c@annotator=\count362
\c@savedannotator=\count363
\c@author=\count364
\c@savedauthor=\count365
\c@bookauthor=\count366
\c@savedbookauthor=\count367
\c@commentator=\count368
\c@savedcommentator=\count369
\c@editor=\count370
\c@savededitor=\count371
\c@editora=\count372
\c@savededitora=\count373
\c@editorb=\count374
\c@savededitorb=\count375
\c@editorc=\count376
\c@savededitorc=\count377
\c@foreword=\count378
\c@savedforeword=\count379
\c@holder=\count380
\c@savedholder=\count381
\c@introduction=\count382
\c@savedintroduction=\count383
\c@namea=\count384
\c@savednamea=\count385
\c@nameb=\count386
\c@savednameb=\count387
\c@namec=\count388
\c@savednamec=\count389
\c@translator=\count390
\c@savedtranslator=\count391
\c@shortauthor=\count392
\c@savedshortauthor=\count393
\c@shorteditor=\count394
\c@savedshorteditor=\count395
\c@labelname=\count396
\c@savedlabelname=\count397
\c@institution=\count398
\c@savedinstitution=\count399
\c@lista=\count400
\c@savedlista=\count401
\c@listb=\count402
\c@savedlistb=\count403
\c@listc=\count404
\c@savedlistc=\count405
\c@listd=\count406
\c@savedlistd=\count407
\c@liste=\count408
\c@savedliste=\count409
\c@listf=\count410
\c@savedlistf=\count411
\c@location=\count412
\c@savedlocation=\count413
\c@organization=\count414
\c@savedorganization=\count415
\c@origlocation=\count416
\c@savedoriglocation=\count417
\c@origpublisher=\count418
\c@savedorigpublisher=\count419
\c@publisher=\count420
\c@savedpublisher=\count421
\c@language=\count422
\c@savedlanguage=\count423
\c@origlanguage=\count424
\c@savedoriglanguage=\count425
\c@pageref=\count426
\c@savedpageref=\count427
\shorthandwidth=\skip133
\shortjournalwidth=\skip134
\shortserieswidth=\skip135
\shorttitlewidth=\skip136
\shortauthorwidth=\skip137
\shorteditorwidth=\skip138
\locallabelnumberwidth=\skip139
\locallabelalphawidth=\skip140
\localshorthandwidth=\skip141
\localshortjournalwidth=\skip142
\localshortserieswidth=\skip143
\localshorttitlewidth=\skip144
\localshortauthorwidth=\skip145
\localshorteditorwidth=\skip146
Package biblatex Info: Trying to load compatibility code...
Package biblatex Info: ... file 'blx-compat.def' found.

("C:\Program Files\MiKTeX 2.9\tex/latex/biblatex\blx-compat.def"
File: blx-compat.def 2019/12/01 v3.14 biblatex compatibility (PK/MW)
)
Package biblatex Info: Trying to load BibTeX backend compatibility...
Package biblatex Info: ... file 'blx-bibtex.def' found.

("C:\Program Files\MiKTeX 2.9\tex/latex/biblatex\blx-bibtex.def"
File: blx-bibtex.def 2019/12/01 v3.14 biblatex compatibility (PK/MW)


Package biblatex Warning: Using fall-back BibTeX(8) backend:
(biblatex)                functionality may be reduced/unavailable.

)
Package biblatex Info: Trying to load generic definitions...
Package biblatex Info: ... file 'biblatex.def' found.
 ("C:\Program Files\MiKTeX 2.9\tex/latex/biblatex\biblatex.def"
File: biblatex.def 2019/12/01 v3.14 biblatex compatibility (PK/MW)
\c@textcitecount=\count428
\c@textcitetotal=\count429
\c@textcitemaxnames=\count430
\c@biburlbigbreakpenalty=\count431
\c@biburlbreakpenalty=\count432
\c@biburlnumpenalty=\count433
\c@biburlucpenalty=\count434
\c@biburllcpenalty=\count435
\biburlbigskip=\muskip18
\biburlnumskip=\muskip19
\biburlucskip=\muskip20
\biburllcskip=\muskip21
\c@smartand=\count436
)
Package biblatex Info: Trying to load natbib compatibility...
Package biblatex Info: ... file 'blx-natbib.def' found.

("C:\Program Files\MiKTeX 2.9\tex/latex/biblatex\blx-natbib.def"
File: blx-natbib.def 2019/12/01 v3.14 biblatex compatibility (PK/MW)
Package biblatex Info: Delimiter 'nameyeardelim' in context '' already defined,
 overwriting.
)
Package biblatex Info: Trying to load bibliography style 'authoryear-comp'...
Package biblatex Info: ... file 'authoryear-comp.bbx' found.

("C:\Program Files\MiKTeX 2.9\tex/latex/biblatex/bbx\authoryear-comp.bbx"
File: authoryear-comp.bbx 2019/12/01 v3.14 biblatex bibliography style (PK/MW)
Package biblatex Info: Trying to load bibliography style 'authoryear'...
Package biblatex Info: ... file 'authoryear.bbx' found.

("C:\Program Files\MiKTeX 2.9\tex/latex/biblatex/bbx\authoryear.bbx"
File: authoryear.bbx 2019/12/01 v3.14 biblatex bibliography style (PK/MW)
Package biblatex Info: Trying to load bibliography style 'standard'...
Package biblatex Info: ... file 'standard.bbx' found.

("C:\Program Files\MiKTeX 2.9\tex/latex/biblatex/bbx\standard.bbx"
File: standard.bbx 2019/12/01 v3.14 biblatex bibliography style (PK/MW)
\c@bbx:relatedcount=\count437
\c@bbx:relatedtotal=\count438
)))
Package biblatex Info: Trying to load citation style 'authoryear-comp'...
Package biblatex Info: ... file 'authoryear-comp.cbx' found.

("C:\Program Files\MiKTeX 2.9\tex/latex/biblatex/cbx\authoryear-comp.cbx"
File: authoryear-comp.cbx 2019/12/01 v3.14 biblatex citation style (PK/MW)
Package biblatex Info: Redefining '\cite'.
Package biblatex Info: Redefining '\parencite'.
Package biblatex Info: Redefining '\footcite'.
Package biblatex Info: Redefining '\footcitetext'.
Package biblatex Info: Redefining '\smartcite'.
Package biblatex Info: Redefining '\textcite'.
Package biblatex Info: Redefining '\textcites'.
Package biblatex Info: Redefining '\cites'.
Package biblatex Info: Redefining '\parencites'.
Package biblatex Info: Redefining '\footcites'.
Package biblatex Info: Redefining '\footcitetexts'.
Package biblatex Info: Redefining '\smartcites'.
)
Package biblatex Info: Trying to load configuration file...
Package biblatex Info: ... file 'biblatex.cfg' found.

("C:\Program Files\MiKTeX 2.9\tex/latex/biblatex\biblatex.cfg"
File: biblatex.cfg 
)

Package biblatex Warning: 'firstinits' option is deprecated.
(biblatex)                Please use 'giveninits' instead.

) (biblatex_options.tex)
("C:\Program Files\MiKTeX 2.9\tex/latex/tocbibind\tocbibind.sty"
Package: tocbibind 2010/10/13 v1.5k extra ToC listings
Package tocbibind Info: The document has chapter divisions on input line 50.


Package tocbibind Note: Using chapter style headings, unless overridden.

) ("C:\Program Files\MiKTeX 2.9\tex/latex/lineno\lineno.sty"
Package: lineno 2005/11/02 line numbers on paragraphs v4.41
\linenopenalty=\count439
\output=\toks38
\linenoprevgraf=\count440
\linenumbersep=\dimen275
\linenumberwidth=\dimen276
\c@linenumber=\count441
\c@pagewiselinenumber=\count442
\c@LN@truepage=\count443
\c@internallinenumber=\count444
\c@internallinenumbers=\count445
\quotelinenumbersep=\dimen277
\bframerule=\dimen278
\bframesep=\dimen279
\bframebox=\box67
LaTeX Info: Redefining \\ on input line 3056.
)
("C:\Program Files\MiKTeX 2.9\tex/latex/moreverb\moreverb.sty"
Package: moreverb 2008/06/03 v2.3a `more' verbatim facilities
\tab@position=\count446
\tab@size=\count447
\listing@line=\count448
)
("C:\Program Files\MiKTeX 2.9\tex/latex/psnfss\times.sty"
Package: times 2020/03/25 PSNFSS-v9.3 (SPQR) 
)
("C:\Program Files\MiKTeX 2.9\tex/latex/tocloft\tocloft.sty"
Package: tocloft 2017/08/31 v2.3i parameterised ToC, etc., typesetting
Package tocloft Info: The document has chapter divisions on input line 51.
\cftparskip=\skip147
\cftbeforetoctitleskip=\skip148
\cftaftertoctitleskip=\skip149
\cftbeforepartskip=\skip150
\cftpartnumwidth=\skip151
\cftpartindent=\skip152
\cftbeforechapskip=\skip153
\cftchapindent=\skip154
\cftchapnumwidth=\skip155
\cftbeforesecskip=\skip156
\cftsecindent=\skip157
\cftsecnumwidth=\skip158
\cftbeforesubsecskip=\skip159
\cftsubsecindent=\skip160
\cftsubsecnumwidth=\skip161
\cftbeforesubsubsecskip=\skip162
\cftsubsubsecindent=\skip163
\cftsubsubsecnumwidth=\skip164
\cftbeforeparaskip=\skip165
\cftparaindent=\skip166
\cftparanumwidth=\skip167
\cftbeforesubparaskip=\skip168
\cftsubparaindent=\skip169
\cftsubparanumwidth=\skip170
\cftbeforeloftitleskip=\skip171
\cftafterloftitleskip=\skip172
\cftbeforefigskip=\skip173
\cftfigindent=\skip174
\cftfignumwidth=\skip175
\c@lofdepth=\count449
\c@lotdepth=\count450
\cftbeforelottitleskip=\skip176
\cftafterlottitleskip=\skip177
\cftbeforetabskip=\skip178
\cfttabindent=\skip179
\cfttabnumwidth=\skip180
)
("C:\Program Files\MiKTeX 2.9\tex/latex/hyperref\hyperref.sty"
Package: hyperref 2020/01/14 v7.00d Hypertext links for LaTeX

("C:\Program Files\MiKTeX 2.9\tex/generic/pdfescape\pdfescape.sty"
Package: pdfescape 2019/12/09 v1.15 Implements pdfTeX's escape features (HO)
)
("C:\Program Files\MiKTeX 2.9\tex/latex/hycolor\hycolor.sty"
Package: hycolor 2020-01-27 v1.10 Color options for hyperref/bookmark (HO)
)
("C:\Program Files\MiKTeX 2.9\tex/latex/letltxmacro\letltxmacro.sty"
Package: letltxmacro 2019/12/03 v1.6 Let assignment for LaTeX macros (HO)
)
\@linkdim=\dimen280
\Hy@linkcounter=\count451
\Hy@pagecounter=\count452

("C:\Program Files\MiKTeX 2.9\tex/latex/hyperref\pd1enc.def"
File: pd1enc.def 2020/01/14 v7.00d Hyperref: PDFDocEncoding definition (HO)
Now handling font encoding PD1 ...
... no UTF-8 mapping file for font encoding PD1
)
("C:\Program Files\MiKTeX 2.9\tex/generic/intcalc\intcalc.sty"
Package: intcalc 2019/12/15 v1.3 Expandable calculations with integers (HO)
)
\Hy@SavedSpaceFactor=\count453
Package hyperref Info: Hyper figures OFF on input line 4547.
Package hyperref Info: Link nesting OFF on input line 4552.
Package hyperref Info: Hyper index ON on input line 4555.
Package hyperref Info: Plain pages OFF on input line 4562.
Package hyperref Info: Backreferencing OFF on input line 4567.
Package hyperref Info: Implicit mode ON; LaTeX internals redefined.
Package hyperref Info: Bookmarks ON on input line 4800.
\c@Hy@tempcnt=\count454
LaTeX Info: Redefining \url on input line 5159.
\XeTeXLinkMargin=\dimen281

("C:\Program Files\MiKTeX 2.9\tex/generic/bitset\bitset.sty"
Package: bitset 2019/12/09 v1.3 Handle bit-vector datatype (HO)

("C:\Program Files\MiKTeX 2.9\tex/generic/bigintcalc\bigintcalc.sty"
Package: bigintcalc 2019/12/15 v1.5 Expandable calculations on big integers (HO
)
))
\Fld@menulength=\count455
\Field@Width=\dimen282
\Fld@charsize=\dimen283
Package hyperref Info: Hyper figures OFF on input line 6430.
Package hyperref Info: Link nesting OFF on input line 6435.
Package hyperref Info: Hyper index ON on input line 6438.
Package hyperref Info: backreferencing OFF on input line 6445.
Package hyperref Info: Link coloring OFF on input line 6450.
Package hyperref Info: Link coloring with OCG OFF on input line 6455.
Package hyperref Info: PDF/A mode OFF on input line 6460.
LaTeX Info: Redefining \ref on input line 6500.
LaTeX Info: Redefining \pageref on input line 6504.
\Hy@abspage=\count456
\c@Item=\count457
\c@Hfootnote=\count458
)
Package hyperref Info: Driver (autodetected): hpdftex.

("C:\Program Files\MiKTeX 2.9\tex/latex/hyperref\hpdftex.def"
File: hpdftex.def 2020/01/14 v7.00d Hyperref driver for pdfTeX

("C:\Program Files\MiKTeX 2.9\tex/latex/atveryend\atveryend.sty"
Package: atveryend 2019-12-11 v1.11 Hooks at the very end of document (HO)
)
\HyAnn@Count=\count459
\Fld@listcount=\count460
\c@bookmark@seq@number=\count461

("C:\Program Files\MiKTeX 2.9\tex/latex/rerunfilecheck\rerunfilecheck.sty"
Package: rerunfilecheck 2019/12/05 v1.9 Rerun checks for auxiliary files (HO)

("C:\Program Files\MiKTeX 2.9\tex/generic/uniquecounter\uniquecounter.sty"
Package: uniquecounter 2019/12/15 v1.4 Provide unlimited unique counter (HO)
)
Package uniquecounter Info: New unique counter `rerunfilecheck' on input line 2
86.
)
\Hy@SectionHShift=\skip181
)
Package hyperref Info: Option `colorlinks' set `false' on input line 125.
\@quotelevel=\count462
\@quotereset=\count463


Package biblatex Warning: Conflicting options.
(biblatex)                '<namepart>inits' conflicts with 'uniquename=full'.
(biblatex)                Setting 'uniquename=init' on input line 133.

(Thesis.aux)
\openout1 = `Thesis.aux'.

LaTeX Font Info:    Checking defaults for OML/cmm/m/it on input line 133.
LaTeX Font Info:    ... okay on input line 133.
LaTeX Font Info:    Checking defaults for OMS/cmsy/m/n on input line 133.
LaTeX Font Info:    ... okay on input line 133.
LaTeX Font Info:    Checking defaults for OT1/cmr/m/n on input line 133.
LaTeX Font Info:    ... okay on input line 133.
LaTeX Font Info:    Checking defaults for T1/cmr/m/n on input line 133.
LaTeX Font Info:    ... okay on input line 133.
LaTeX Font Info:    Checking defaults for TS1/cmr/m/n on input line 133.
LaTeX Font Info:    ... okay on input line 133.
LaTeX Font Info:    Checking defaults for OMX/cmex/m/n on input line 133.
LaTeX Font Info:    ... okay on input line 133.
LaTeX Font Info:    Checking defaults for U/cmr/m/n on input line 133.
LaTeX Font Info:    ... okay on input line 133.
LaTeX Font Info:    Checking defaults for PD1/pdf/m/n on input line 133.
LaTeX Font Info:    ... okay on input line 133.
LaTeX Font Info:    Trying to load font information for T1+ptm on input line 13
3.
 ("C:\Program Files\MiKTeX 2.9\tex/latex/psnfss\t1ptm.fd"
File: t1ptm.fd 2001/06/04 font definitions for T1/ptm.
)
("C:\Program Files\MiKTeX 2.9\tex/context/base/mkii\supp-pdf.mkii"
[Loading MPS to PDF converter (version 2006.09.02).]
\scratchcounter=\count464
\scratchdimen=\dimen284
\scratchbox=\box68
\nofMPsegments=\count465
\nofMParguments=\count466
\everyMPshowfont=\toks39
\MPscratchCnt=\count467
\MPscratchDim=\dimen285
\MPnumerator=\count468
\makeMPintoPDFobject=\count469
\everyMPtoPDFconversion=\toks40
) ("C:\Program Files\MiKTeX 2.9\tex/latex/epstopdf-pkg\epstopdf-base.sty"
Package: epstopdf-base 2020-01-24 v2.11 Base part for package epstopdf
Package epstopdf-base Info: Redefining graphics rule for `.eps' on input line 4
85.
)
*geometry* driver: auto-detecting
*geometry* detected driver: pdftex
*geometry* verbose mode - [ preamble ] result:
* driver: pdftex
* paper: <default>
* layout: <same size as paper>
* layoutoffset:(h,v)=(0.0pt,0.0pt)
* modes: 
* h-part:(L,W,R)=(71.13188pt, 472.03123pt, 71.13188pt)
* v-part:(T,H,B)=(71.13188pt, 652.70622pt, 71.13188pt)
* \paperwidth=614.295pt
* \paperheight=794.96999pt
* \textwidth=472.03123pt
* \textheight=652.70622pt
* \oddsidemargin=-1.1381pt
* \evensidemargin=-1.1381pt
* \topmargin=-38.1381pt
* \headheight=12.0pt
* \headsep=25.0pt
* \topskip=11.0pt
* \footskip=30.0pt
* \marginparwidth=59.0pt
* \marginparsep=10.0pt
* \columnsep=10.0pt
* \skip\footins=10.0pt plus 4.0pt minus 2.0pt
* \hoffset=0.0pt
* \voffset=0.0pt
* \mag=1000
* \@twocolumnfalse
* \@twosidefalse
* \@mparswitchfalse
* \@reversemarginfalse
* (1in=72.27pt=25.4mm, 1cm=28.453pt)

ABD: EveryShipout initializing macros
\AtBeginShipoutBox=\box69
Package caption Info: Begin \AtBeginDocument code.
Package caption Info: hyperref package is loaded.
Package caption Info: End \AtBeginDocument code.
Package biblatex Info: Trying to load language 'english'...
Package biblatex Info: ... file 'english.lbx' found.

("C:\Program Files\MiKTeX 2.9\tex/latex/biblatex/lbx\english.lbx"
File: english.lbx 2019/12/01 v3.14 biblatex localization (PK/MW)
)
Package biblatex Info: Input encoding 'utf8' detected.
Package biblatex Info: Automatic encoding selection.
(biblatex)             Assuming data encoding 'utf8'.
Package biblatex Info: Input encoding 'utf8' specified.
Package biblatex Info: Data encoding 'utf8' specified.
(biblatex)             No need to reencode data.
\openout5 = `Thesis-blx.bib'.

Package biblatex Info: Trying to load bibliographic data...
Package biblatex Info: ... file 'Thesis.bbl' found.
 (Thesis.bbl)
Package biblatex Info: ... file 'Thesis1-blx.bbl' found.
(Thesis1-blx.bbl

Package biblatex Warning: BibTeX reported the following issues
(biblatex)                with 'Cardoso2017':
(biblatex)                - Invalid format of field 'month'.


Package biblatex Warning: BibTeX reported the following issues
(biblatex)                with 'Stephens2019':
(biblatex)                - Invalid format of field 'month'.

)
Package biblatex Info: ... file 'Thesis2-blx.bbl' found.
 (Thesis2-blx.bbl)
Package biblatex Info: Reference section=0 on input line 133.
Package biblatex Info: Reference segment=0 on input line 133.
Package hyperref Info: Link coloring OFF on input line 133.
 ("C:\Program Files\MiKTeX 2.9\tex/latex/hyperref\nameref.sty"
Package: nameref 2019/09/16 v2.46 Cross-referencing by name of section
 ("C:\Program Files\MiKTeX 2.9\tex/latex/refcount\refcount.sty"
Package: refcount 2019/12/15 v3.6 Data extraction from label references (HO)
)
("C:\Program Files\MiKTeX 2.9\tex/generic/gettitlestring\gettitlestring.sty"
Package: gettitlestring 2019/12/15 v1.6 Cleanup title references (HO)
)
\c@section@level=\count470
)
LaTeX Info: Redefining \ref on input line 133.
LaTeX Info: Redefining \pageref on input line 133.
LaTeX Info: Redefining \nameref on input line 133.

(Thesis.out) (Thesis.out)
\@outlinefile=\write6
\openout6 = `Thesis.out'.

 (Title_page.tex
*geometry* verbose mode - [ newgeometry ] result:
* driver: pdftex
* paper: <default>
* layout: <same size as paper>
* layoutoffset:(h,v)=(0.0pt,0.0pt)
* modes: 
* h-part:(L,W,R)=(0.0pt, 614.295pt, 0.0pt)
* v-part:(T,H,B)=(0.0pt, 794.96999pt, 0.0pt)
* \paperwidth=614.295pt
* \paperheight=794.96999pt
* \textwidth=614.295pt
* \textheight=794.96999pt
* \oddsidemargin=-72.26999pt
* \evensidemargin=-72.26999pt
* \topmargin=-109.26999pt
* \headheight=12.0pt
* \headsep=25.0pt
* \topskip=11.0pt
* \footskip=30.0pt
* \marginparwidth=59.0pt
* \marginparsep=10.0pt
* \columnsep=10.0pt
* \skip\footins=10.0pt plus 4.0pt minus 2.0pt
* \hoffset=0.0pt
* \voffset=0.0pt
* \mag=1000
* \@twocolumnfalse
* \@twosidefalse
* \@mparswitchfalse
* \@reversemarginfalse
* (1in=72.27pt=25.4mm, 1cm=28.453pt)

<UCL_logo.pdf, id=293, 827.95277pt x 151.18985pt>
File: UCL_logo.pdf Graphic file (type pdf)
<use UCL_logo.pdf>
Package pdftex.def Info: UCL_logo.pdf  used on input line 7.
(pdftex.def)             Requested size: 662.36311pt x 120.95203pt.

Overfull \hbox (48.06812pt too wide) in paragraph at lines 7--8
[][] 
 []

LaTeX Font Info:    Trying to load font information for U+msa on input line 39.

("C:\Program Files\MiKTeX 2.9\tex/latex/amsfonts\umsa.fd"
File: umsa.fd 2013/01/14 v3.01 AMS symbols A
)
LaTeX Font Info:    Trying to load font information for U+msb on input line 39.


("C:\Program Files\MiKTeX 2.9\tex/latex/amsfonts\umsb.fd"
File: umsb.fd 2013/01/14 v3.01 AMS symbols B
)
<cber_logo.png, id=294, 1591.8672pt x 952.0368pt>
File: cber_logo.png Graphic file (type png)
<use cber_logo.png>
Package pdftex.def Info: cber_logo.png  used on input line 45.
(pdftex.def)             Requested size: 143.26186pt x 85.67961pt.
 [1


{C:/Users/adrie/AppData/Local/MiKTeX/2.9/pdftex/config/pdftex.map} <./UCL_logo.
pdf> <./cber_logo.png>])
LaTeX Font Info:    Trying to load font information for T1+pcr on input line 14
7.
 ("C:\Program Files\MiKTeX 2.9\tex/latex/psnfss\t1pcr.fd"
File: t1pcr.fd 2001/06/04 font definitions for T1/pcr.
)
Overfull \hbox (1.71959pt too wide) in paragraph at lines 147--148
[]\T1/ptm/m/n/10.95 This doc-u-ment was com-piled with L[]T[]X; the source code
 and files are avail-able at: []$\T1/pcr/m/n/10.95 https : / / github .
 []

pdfTeX warning (ext4): destination with the same identifier (name{page.1}) has 
been already used, duplicate ignored
<to be read again> 
                   \relax 
l.149 \chapter
              *{Acknowledgments} [1

] [2

] [3

] [4

] [5

] [6

] (Thesis.toc [7

]
[8])
\tf@toc=\write7
\openout7 = `Thesis.toc'.

 [9] (Thesis.lot [10

])
\tf@lot=\write8
\openout8 = `Thesis.lot'.

 [11] (Thesis.lof [12

] [13] [14])
\tf@lof=\write9
\openout9 = `Thesis.lof'.

\blx@maxsegment@1=\count471
\blx@sectionciteorder@1=\count472
Package biblatex Info: Reference section=1 on input line 192.
\openout5 = `Thesis1-blx.aux'.

Package biblatex Info: Setting label 'refsection:1' on input line 192.
 [15]
Chapter 1.
LaTeX Font Info:    Trying to load font information for T1+phv on input line 19
8.
("C:\Program Files\MiKTeX 2.9\tex/latex/psnfss\t1phv.fd"
File: t1phv.fd 2020/03/25 scalable font definitions for T1/phv.
) [16


]
Chapter 2.
(Chapters/Chapter2.tex [17

] [18] [19] [20]
Package mdframed Info: Not enough space on this page on input line 41.

Overfull \hbox (11.63577pt too wide) in paragraph at lines 46--49
\T1/ptm/m/n/10.95 I pro-duced class-specific trait datasets that were made avai
l-able on figshare (DOI: []$\T1/pcr/m/n/10.95 10 . 6084 / m9 . figshare .
 []

[21

]
<figures/Chapter2/Taxonomic_corrections_chart.pdf, id=968, 337.31247pt x 149.18
341pt>
File: figures/Chapter2/Taxonomic_corrections_chart.pdf Graphic file (type pdf)
<use figures/Chapter2/Taxonomic_corrections_chart.pdf>
Package pdftex.def Info: figures/Chapter2/Taxonomic_corrections_chart.pdf  used
 on input line 65.
(pdftex.def)             Requested size: 472.23424pt x 208.85535pt.


LaTeX Warning: `!h' float specifier changed to `!ht'.

[22 <./figures/Chapter2/Taxonomic_corrections_chart.pdf>] [23]
LaTeX Font Info:    Trying to load font information for TS1+ptm on input line 1
25.

("C:\Program Files\MiKTeX 2.9\tex/latex/psnfss\ts1ptm.fd"
File: ts1ptm.fd 2001/06/04 font definitions for TS1/ptm.
) [24]
<figures/Chapter2/Fig_HB_main.pdf, id=1081, 516.93124pt x 469.755pt>
File: figures/Chapter2/Fig_HB_main.pdf Graphic file (type pdf)
<use figures/Chapter2/Fig_HB_main.pdf>
Package pdftex.def Info: figures/Chapter2/Fig_HB_main.pdf  used on input line 1
46.
(pdftex.def)             Requested size: 361.8494pt x 328.82626pt.


LaTeX Warning: `!h' float specifier changed to `!ht'.

[25]
Overfull \hbox (13.90405pt too wide) in paragraph at lines 160--161
\T1/pcr/m/n/10.95 .Xyc5wyhKhPZ$[]\T1/ptm/m/n/10.95 . For am-phib-ians, birds an
d squa-mates, I ob-tained trees from []$\T1/pcr/m/n/10.95 https : / / data . ve
rtlife .
 []


Overfull \hbox (3.74501pt too wide) in paragraph at lines 163--164
\T1/pcr/m/n/10.95 / / datadryad . org / stash / dataset / doi : 10 . 5061 / dry
ad . 83s7k$[] \T1/ptm/m/n/10.95 (down-loaded 13 April 2020).
 []

[26 <./figures/Chapter2/Fig_HB_main.pdf>] [27] [28] [29]
<figures/Chapter2/Figure1_revised.pdf, id=1176, 722.7pt x 289.08pt>
File: figures/Chapter2/Figure1_revised.pdf Graphic file (type pdf)
<use figures/Chapter2/Figure1_revised.pdf>
Package pdftex.def Info: figures/Chapter2/Figure1_revised.pdf  used on input li
ne 233.
(pdftex.def)             Requested size: 505.88655pt x 202.35461pt.

Overfull \hbox (33.85532pt too wide) in paragraph at lines 233--234
 [][] 
 []

[30 <./figures/Chapter2/Figure1_revised.pdf>] [31]
<figures/Chapter2/Figure_3.pdf, id=1208, 758.83513pt x 1245.73878pt>
File: figures/Chapter2/Figure_3.pdf Graphic file (type pdf)
<use figures/Chapter2/Figure_3.pdf>
Package pdftex.def Info: figures/Chapter2/Figure_3.pdf  used on input line 250.

(pdftex.def)             Requested size: 379.41664pt x 622.86787pt.


LaTeX Warning: `!h' float specifier changed to `!ht'.

[32 <./figures/Chapter2/Figure_3.pdf>]
<figures/Chapter2/Figure_4.pdf, id=1265, 433.62pt x 289.08pt>
File: figures/Chapter2/Figure_4.pdf Graphic file (type pdf)
<use figures/Chapter2/Figure_4.pdf>
Package pdftex.def Info: figures/Chapter2/Figure_4.pdf  used on input line 264.

(pdftex.def)             Requested size: 303.53192pt x 202.35461pt.
 [33


 <./figures/Chapter2/Figure_4.pdf>]
<figures/Chapter2/Figure_5.pdf, id=1284, 722.7pt x 505.89pt>
File: figures/Chapter2/Figure_5.pdf Graphic file (type pdf)
<use figures/Chapter2/Figure_5.pdf>
Package pdftex.def Info: figures/Chapter2/Figure_5.pdf  used on input line 275.

(pdftex.def)             Requested size: 505.88655pt x 354.12057pt.

Overfull \hbox (33.85532pt too wide) in paragraph at lines 275--276
 [][] 
 []

[34

 <./figures/Chapter2/Figure_5.pdf>]
<figures/Chapter2/Figure_6.pdf, id=1307, 650.43pt x 361.35pt>
File: figures/Chapter2/Figure_6.pdf Graphic file (type pdf)
<use figures/Chapter2/Figure_6.pdf>
Package pdftex.def Info: figures/Chapter2/Figure_6.pdf  used on input line 286.

(pdftex.def)             Requested size: 487.8213pt x 271.01184pt.

Overfull \hbox (15.79007pt too wide) in paragraph at lines 286--287
 [][] 
 []

[35

 <./figures/Chapter2/Figure_6.pdf>] [36] [37] [38]) [39]
Chapter 3.

Overfull \hbox (8.01714pt too wide) in paragraph at lines 207--207
|[]\T1/ptm/b/n/24.88 Intensive hu-man land uses neg-a-tively af-
 []

(Chapters/Chapter3.tex [40

] [41]
<figures/Chapter_FD/Figure1.pdf, id=1489, 824.76387pt x 580.41844pt>
File: figures/Chapter_FD/Figure1.pdf Graphic file (type pdf)
<use figures/Chapter_FD/Figure1.pdf>
Package pdftex.def Info: figures/Chapter_FD/Figure1.pdf  used on input line 31.

(pdftex.def)             Requested size: 536.09016pt x 377.26752pt.

Overfull \hbox (64.05893pt too wide) in paragraph at lines 31--32
 [][] 
 []


LaTeX Warning: `!h' float specifier changed to `!ht'.

[42] [43 <./figures/Chapter_FD/Figure1.pdf>] [44] [45] [46] [47]
Overfull \hbox (1.50963pt too wide) in paragraph at lines 119--120
\T1/pcr/m/n/10.95 org / 10 . 6084 / m9 . figshare . 15163926$[]\T1/ptm/m/n/10.9
5 ), as well as the main re-sult datasets ([]$\T1/pcr/m/n/10.95 https : / / doi
 . org /
 []

<figures/Chapter_FD/Figure2.pdf, id=1686, 650.43pt x 433.62pt>
File: figures/Chapter_FD/Figure2.pdf Graphic file (type pdf)
<use figures/Chapter_FD/Figure2.pdf>
Package pdftex.def Info: figures/Chapter_FD/Figure2.pdf  used on input line 130
.
(pdftex.def)             Requested size: 487.8213pt x 325.2142pt.

Overfull \hbox (15.79007pt too wide) in paragraph at lines 130--131
 [][] 
 []


LaTeX Warning: `!h' float specifier changed to `!ht'.

[48] [49 <./figures/Chapter_FD/Figure2.pdf>]
<figures/Chapter_FD/Figure3.pdf, id=1713, 650.43pt x 505.89pt>
File: figures/Chapter_FD/Figure3.pdf Graphic file (type pdf)
<use figures/Chapter_FD/Figure3.pdf>
Package pdftex.def Info: figures/Chapter_FD/Figure3.pdf  used on input line 142
.
(pdftex.def)             Requested size: 487.8213pt x 379.41655pt.

Overfull \hbox (15.79007pt too wide) in paragraph at lines 142--143
 [][] 
 []

[50 <./figures/Chapter_FD/Figure3.pdf>]
<figures/Chapter_FD/Figure4_new.pdf, id=1730, 578.16pt x 397.485pt>
File: figures/Chapter_FD/Figure4_new.pdf Graphic file (type pdf)
<use figures/Chapter_FD/Figure4_new.pdf>
Package pdftex.def Info: figures/Chapter_FD/Figure4_new.pdf  used on input line
 158.
(pdftex.def)             Requested size: 433.61893pt x 298.113pt.


LaTeX Warning: `!h' float specifier changed to `!ht'.

<figures/Chapter_FD/Figure5.pdf, id=1736, 578.16pt x 361.35pt>
File: figures/Chapter_FD/Figure5.pdf Graphic file (type pdf)
<use figures/Chapter_FD/Figure5.pdf>
Package pdftex.def Info: figures/Chapter_FD/Figure5.pdf  used on input line 170
.
(pdftex.def)             Requested size: 433.61893pt x 271.01184pt.

LaTeX Warning: `!h' float specifier changed to `!ht'.

[51]
<figures/Chapter_FD/Figure6.pdf, id=1748, 650.43pt x 505.89pt>
File: figures/Chapter_FD/Figure6.pdf Graphic file (type pdf)
<use figures/Chapter_FD/Figure6.pdf>
Package pdftex.def Info: figures/Chapter_FD/Figure6.pdf  used on input line 182
.
(pdftex.def)             Requested size: 487.8213pt x 379.41655pt.

Overfull \hbox (15.79007pt too wide) in paragraph at lines 182--183
 [][] 
 []


LaTeX Warning: `!h' float specifier changed to `!ht'.

[52 <./figures/Chapter_FD/Figure4_new.pdf>] [53 <./figures/Chapter_FD/Figure5.p
df>] [54 <./figures/Chapter_FD/Figure6.pdf>] [55

] [56] [57]) [58]
Chapter 4.

Overfull \hbox (22.2992pt too wide) in paragraph at lines 211--211
|[]\T1/ptm/b/n/24.88 Geographical range area, habi-tat breadth
 []


Overfull \hbox (13.21675pt too wide) in paragraph at lines 211--211
\T1/ptm/b/n/24.88 change sen-si-tiv-ity more con-sis-tently than
 []

(Chapters/Chapter4.tex) [59

]
Chapter 5.

Overfull \hbox (4.48444pt too wide) in paragraph at lines 215--215
|[]\T1/ptm/b/n/24.88 Energetic con-straints and trophic group
 []

(Chapters/Chapter5.tex [60

] [61] [62]
<figures/Chapter5/Figure1.pdf, id=1959, 650.43pt x 614.295pt>
File: figures/Chapter5/Figure1.pdf Graphic file (type pdf)
<use figures/Chapter5/Figure1.pdf>
Package pdftex.def Info: figures/Chapter5/Figure1.pdf  used on input line 27.
(pdftex.def)             Requested size: 487.8213pt x 460.72011pt.

Overfull \hbox (15.79007pt too wide) in paragraph at lines 27--28
 [][] 
 []


LaTeX Warning: `!h' float specifier changed to `!ht'.

[63] [64 <./figures/Chapter5/Figure1.pdf>]
<figures/Chapter5/Figure2.pdf, id=1981, 949.8192pt x 590.18625pt>
File: figures/Chapter5/Figure2.pdf Graphic file (type pdf)
<use figures/Chapter5/Figure2.pdf>
Package pdftex.def Info: figures/Chapter5/Figure2.pdf  used on input line 37.
(pdftex.def)             Requested size: 712.36266pt x 442.6386pt.

Overfull \hbox (59.65643pt too wide) in paragraph at lines 37--38
 [][] 
 []


LaTeX Warning: Float too large for page by 54.60736pt on input line 40.


LaTeX Warning: `!h' float specifier changed to `!ht'.

[65 <./figures/Chapter5/Figure2.pdf>] [66




] [67] [68] [69] [70]
<figures/Chapter5/Figure3.pdf, id=2114, 650.43pt x 289.08pt>
File: figures/Chapter5/Figure3.pdf Graphic file (type pdf)
<use figures/Chapter5/Figure3.pdf>
Package pdftex.def Info: figures/Chapter5/Figure3.pdf  used on input line 105.
(pdftex.def)             Requested size: 487.8213pt x 216.80946pt.

Overfull \hbox (15.79007pt too wide) in paragraph at lines 105--106
 [][] 
 []

[71 <./figures/Chapter5/Figure3.pdf>]
<figures/Chapter5/Figure4.pdf, id=2129, 505.89pt x 867.24pt>
File: figures/Chapter5/Figure4.pdf Graphic file (type pdf)
<use figures/Chapter5/Figure4.pdf>
Package pdftex.def Info: figures/Chapter5/Figure4.pdf  used on input line 119.
(pdftex.def)             Requested size: 328.82458pt x 563.69934pt.
 [72

 <./figures/Chapter5/Figure4.pdf>]
<figures/Chapter5/Figure5.pdf, id=2149, 578.16pt x 252.945pt>
File: figures/Chapter5/Figure5.pdf Graphic file (type pdf)
<use figures/Chapter5/Figure5.pdf>
Package pdftex.def Info: figures/Chapter5/Figure5.pdf  used on input line 133.
(pdftex.def)             Requested size: 375.79955pt x 164.4123pt.

[73

 <./figures/Chapter5/Figure5.pdf>] [74

] [75]) [76]
Chapter 6.
[77

]
Chapter 7.
[78

]

Package biblatex Warning: Name format 'last-first' deprecated.
(biblatex)                Please use 'family-given' instead.
(biblatex)                Using 'family-given' now.

[79


] [80] [81]
Overfull \hbox (14.36156pt too wide) in paragraph at lines 232--232
[][]\T1/ptm/m/n/10.95 Daz, S. et al. (2016). The global spec-trum of plant for
m and func-tion. \T1/ptm/m/it/10.95 Na-ture\T1/ptm/m/n/10.95 . \T1/ptm/m/sc/10.
95 doi\T1/ptm/m/n/10.95 : []$\T1/pcr/m/n/10.95 10 . 1038 / nature16489$[]\T1/pt
m/m/n/10.95 . 
 []

[82] [83] [84]
Overfull \hbox (0.91306pt too wide) in paragraph at lines 232--232
[][]\T1/ptm/m/n/10.95 Krauss, J., Bom-marco, R., Guardi-ola, M., Heikki-nen, R.
 K., Helm, A., Ku-us-saari, M., Lind-borg, R., ckinger,
 []

[85] [86] [87] [88]
Overfull \hbox (27.67451pt too wide) in paragraph at lines 232--232
\T1/ptm/m/n/10.95 and sug-ges-tions for im-prove-ment. \T1/ptm/m/it/10.95 Re-vi
ew of Ed-u-ca-tional Re-search\T1/ptm/m/n/10.95 . \T1/ptm/m/sc/10.95 doi\T1/ptm
/m/n/10.95 : []$\T1/pcr/m/n/10.95 10 . 3102 / 00346543074004525$[]\T1/ptm/m/n/1
0.95 . 
 []

[89]
Overfull \hbox (20.67032pt too wide) in paragraph at lines 232--232
[][]\T1/ptm/m/n/10.95 Santos, T. (2018). Pack-age ` PVR '. Phy-lo-ge-netic Eige
n-vec-tors Re-gres-sion and Phy-lo-gen-tic Signal-Representation
 []

[90] [91] [92]
Package biblatex Info: Reference section=0 on input line 234.
\blx@maxsegment@2=\count473
\blx@sectionciteorder@2=\count474
Package biblatex Info: Reference section=2 on input line 239.
\openout5 = `Thesis2-blx.aux'.

Package biblatex Info: Setting label 'refsection:2' on input line 239.
 [93] [94


]
Overfull \hbox (21.98198pt too wide) in paragraph at lines 257--257
|\T1/ptm/b/n/24.88 Appendix 0: Sup-port-ing in-for-ma-tion for Chap-
 []

[95


]
Overfull \hbox (21.98198pt too wide) in paragraph at lines 262--262
|\T1/ptm/b/n/24.88 Appendix 1: Sup-port-ing in-for-ma-tion for Chap-
 []

(Supporting/Chapter2/SI_Chapter2.tex

LaTeX Warning: Command \textunderscore invalid in math mode on input line 7.

[96

]
<Supporting/Chapter2/Figures/tax_corrections.pdf, id=2603, 1011.78pt x 433.62pt
>
File: Supporting/Chapter2/Figures/tax_corrections.pdf Graphic file (type pdf)
<use Supporting/Chapter2/Figures/tax_corrections.pdf>
Package pdftex.def Info: Supporting/Chapter2/Figures/tax_corrections.pdf  used 
on input line 20.
(pdftex.def)             Requested size: 455.2968pt x 195.1272pt.


LaTeX Warning: `!h' float specifier changed to `!ht'.

[97] [98 <./Supporting/Chapter2/Figures/tax_corrections.pdf>]
<Supporting/Chapter2/Figures/Correlations/MatLong_BMBL_amphibians.pdf, id=2626,
 578.16pt x 252.945pt>
File: Supporting/Chapter2/Figures/Correlations/MatLong_BMBL_amphibians.pdf Grap
hic file (type pdf)
<use Supporting/Chapter2/Figures/Correlations/MatLong_BMBL_amphibians.pdf>
Package pdftex.def Info: Supporting/Chapter2/Figures/Correlations/MatLong_BMBL_
amphibians.pdf  used on input line 91.
(pdftex.def)             Requested size: 491.43832pt x 215.00426pt.

Overfull \hbox (19.40709pt too wide) in paragraph at lines 91--92
 [][] 
 []

<Supporting/Chapter2/Figures/Correlations/GL_Longe_birds_mammals.pdf, id=2627, 
578.16pt x 252.945pt>
File: Supporting/Chapter2/Figures/Correlations/GL_Longe_birds_mammals.pdf Graph
ic file (type pdf)
<use Supporting/Chapter2/Figures/Correlations/GL_Longe_birds_mammals.pdf>
Package pdftex.def Info: Supporting/Chapter2/Figures/Correlations/GL_Longe_bird
s_mammals.pdf  used on input line 99.
(pdftex.def)             Requested size: 491.43832pt x 215.00426pt.

Overfull \hbox (19.40709pt too wide) in paragraph at lines 99--100
 [][] 
 []

[99

 <./Supporting/Chapter2/Figures/Correlations/MatLong_BMBL_amphibians.pdf> <./Su
pporting/Chapter2/Figures/Correlations/GL_Longe_birds_mammals.pdf>]
<Supporting/Chapter2/Figures/Rangesizes/Elevation_data_amount.pdf, id=2644, 578
.16pt x 361.35pt>
File: Supporting/Chapter2/Figures/Rangesizes/Elevation_data_amount.pdf Graphic 
file (type pdf)
<use Supporting/Chapter2/Figures/Rangesizes/Elevation_data_amount.pdf>
Package pdftex.def Info: Supporting/Chapter2/Figures/Rangesizes/Elevation_data_
amount.pdf  used on input line 140.
(pdftex.def)             Requested size: 404.70924pt x 252.94327pt.
<Supporting/Chapter2/Figures/Rangesizes/RangeSizes_before_aftercuts.pdf, id=264
5, 433.62pt x 361.35pt>
File: Supporting/Chapter2/Figures/Rangesizes/RangeSizes_before_aftercuts.pdf Gr
aphic file (type pdf)
<use Supporting/Chapter2/Figures/Rangesizes/RangeSizes_before_aftercuts.pdf>
Package pdftex.def Info: Supporting/Chapter2/Figures/Rangesizes/RangeSizes_befo
re_aftercuts.pdf  used on input line 147.
(pdftex.def)             Requested size: 303.53192pt x 252.94327pt.
 [100

 <./Supporting/Chapter2/Figures/Rangesizes/Elevation_data_amount.pdf> <./Suppor
ting/Chapter2/Figures/Rangesizes/RangeSizes_before_aftercuts.pdf>]
<Supporting/Chapter2/Figures/Coverage/DeltaCoverage.pdf, id=2661, 578.16pt x 50
5.89pt>
File: Supporting/Chapter2/Figures/Coverage/DeltaCoverage.pdf Graphic file (type
 pdf)
<use Supporting/Chapter2/Figures/Coverage/DeltaCoverage.pdf>
Package pdftex.def Info: Supporting/Chapter2/Figures/Coverage/DeltaCoverage.pdf
  used on input line 158.
(pdftex.def)             Requested size: 404.70924pt x 354.12057pt.
 [101 <./Supporting/Chapter2/Figures/Coverage/DeltaCoverage.pdf>]
<Supporting/Chapter2/Figures/Maps/Median_map.pdf, id=2672, 433.62pt x 722.7pt>
File: Supporting/Chapter2/Figures/Maps/Median_map.pdf Graphic file (type pdf)
<use Supporting/Chapter2/Figures/Maps/Median_map.pdf>
Package pdftex.def Info: Supporting/Chapter2/Figures/Maps/Median_map.pdf  used 
on input line 172.
(pdftex.def)             Requested size: 411.93666pt x 686.5611pt.


LaTeX Warning: Float too large for page by 5.94937pt on input line 175.


LaTeX Warning: `!h' float specifier changed to `!ht'.

[102]
<Supporting/Chapter2/Figures/Maps/Mean_map_50k.pdf, id=2678, 433.62pt x 722.7pt
>
File: Supporting/Chapter2/Figures/Maps/Mean_map_50k.pdf Graphic file (type pdf)

<use Supporting/Chapter2/Figures/Maps/Mean_map_50k.pdf>
Package pdftex.def Info: Supporting/Chapter2/Figures/Maps/Mean_map_50k.pdf  use
d on input line 182.
(pdftex.def)             Requested size: 411.93666pt x 686.5611pt.


LaTeX Warning: Float too large for page by 5.94937pt on input line 185.


LaTeX Warning: `!h' float specifier changed to `!ht'.

<Supporting/Chapter2/Figures/Maps/sd_map.pdf, id=2679, 433.62pt x 722.7pt>
File: Supporting/Chapter2/Figures/Maps/sd_map.pdf Graphic file (type pdf)
<use Supporting/Chapter2/Figures/Maps/sd_map.pdf>
Package pdftex.def Info: Supporting/Chapter2/Figures/Maps/sd_map.pdf  used on i
nput line 192.
(pdftex.def)             Requested size: 411.93666pt x 686.5611pt.

LaTeX Warning: Float too large for page by 5.94937pt on input line 195.


LaTeX Warning: `!h' float specifier changed to `!ht'.

<Supporting/Chapter2/Figures/Maps/sd_SR.png, id=2680, 501.875pt x 401.5pt>
File: Supporting/Chapter2/Figures/Maps/sd_SR.png Graphic file (type png)
<use Supporting/Chapter2/Figures/Maps/sd_SR.png>
Package pdftex.def Info: Supporting/Chapter2/Figures/Maps/sd_SR.png  used on in
put line 201.
(pdftex.def)             Requested size: 401.50053pt x 321.20042pt.

LaTeX Warning: `!h' float specifier changed to `!ht'.

[103 <./Supporting/Chapter2/Figures/Maps/Median_map.pdf>] [104 <./Supporting/Ch
apter2/Figures/Maps/Mean_map_50k.pdf>] [105 <./Supporting/Chapter2/Figures/Maps
/sd_map.pdf>] [106 <./Supporting/Chapter2/Figures/Maps/sd_SR.png>]
<Supporting/Chapter2/Figures/Phylogenies/Circular_mammals_V2.pdf, id=2743, 1084
.05pt x 934.42097pt>
File: Supporting/Chapter2/Figures/Phylogenies/Circular_mammals_V2.pdf Graphic f
ile (type pdf)
<use Supporting/Chapter2/Figures/Phylogenies/Circular_mammals_V2.pdf>
Package pdftex.def Info: Supporting/Chapter2/Figures/Phylogenies/Circular_mamma
ls_V2.pdf  used on input line 223.
(pdftex.def)             Requested size: 619.71838pt x 512.80424pt.


LaTeX Warning: Float too large for page by 58.77301pt on input line 226.


LaTeX Warning: `!h' float specifier changed to `!ht'.

[107



]
<Supporting/Chapter2/Figures/Phylogenies/Circular_birds_V2.pdf, id=2749, 1228.5
9pt x 1228.59pt>
File: Supporting/Chapter2/Figures/Phylogenies/Circular_birds_V2.pdf Graphic fil
e (type pdf)
<use Supporting/Chapter2/Figures/Phylogenies/Circular_birds_V2.pdf>
Package pdftex.def Info: Supporting/Chapter2/Figures/Phylogenies/Circular_birds
_V2.pdf  used on input line 234.
(pdftex.def)             Requested size: 564.106pt x 483.806pt.


LaTeX Warning: Float too large for page by 29.77477pt on input line 237.


LaTeX Warning: `!h' float specifier changed to `!ht'.

[108 <./Supporting/Chapter2/Figures/Phylogenies/Circular_mammals_V2.pdf>]
[109 <./Supporting/Chapter2/Figures/Phylogenies/Circular_birds_V2.pdf>]

LaTeX Warning: No positions in optional float specifier.
               Default added (so using `tbp') on input line 245.

<Supporting/Chapter2/Figures/Phylogenies/Circular_herptiles_SD.pdf, id=2808, 75
5.1602pt x 1304.53474pt>
File: Supporting/Chapter2/Figures/Phylogenies/Circular_herptiles_SD.pdf Graphic
 file (type pdf)
<use Supporting/Chapter2/Figures/Phylogenies/Circular_herptiles_SD.pdf>
Package pdftex.def Info: Supporting/Chapter2/Figures/Phylogenies/Circular_herpt
iles_SD.pdf  used on input line 247.
(pdftex.def)             Requested size: 377.57918pt x 652.26578pt.

LaTeX Warning: Float too large for page by 17.55956pt on input line 250.

<Supporting/Chapter2/Figures/Phylogenies/SD_VS_SR.pdf, id=2810, 578.16pt x 505.
89pt>
File: Supporting/Chapter2/Figures/Phylogenies/SD_VS_SR.pdf Graphic file (type p
df)
<use Supporting/Chapter2/Figures/Phylogenies/SD_VS_SR.pdf>
Package pdftex.def Info: Supporting/Chapter2/Figures/Phylogenies/SD_VS_SR.pdf  
used on input line 257.
(pdftex.def)             Requested size: 346.89867pt x 303.53633pt.

LaTeX Warning: `h' float specifier changed to `ht'.

[110 <./Supporting/Chapter2/Figures/Phylogenies/Circular_herptiles_SD.pdf>]
[111 <./Supporting/Chapter2/Figures/Phylogenies/SD_VS_SR.pdf>]
<Supporting/Chapter2/Figures/Plot_BeforeCuttingRS.pdf, id=2869, 433.62pt x 289.
08pt>
File: Supporting/Chapter2/Figures/Plot_BeforeCuttingRS.pdf Graphic file (type p
df)
<use Supporting/Chapter2/Figures/Plot_BeforeCuttingRS.pdf>
Package pdftex.def Info: Supporting/Chapter2/Figures/Plot_BeforeCuttingRS.pdf  
used on input line 311.
(pdftex.def)             Requested size: 303.53192pt x 202.35461pt.


LaTeX Warning: `!h' float specifier changed to `!ht'.

[112


] [113 <./Supporting/Chapter2/Figures/Plot_BeforeCuttingRS.pdf>] [114

]
<Supporting/Chapter2/Figures/Coverage/DeltaCov_F3.pdf, id=2892, 867.24pt x 578.
16pt>
File: Supporting/Chapter2/Figures/Coverage/DeltaCov_F3.pdf Graphic file (type p
df)
<use Supporting/Chapter2/Figures/Coverage/DeltaCov_F3.pdf>
Package pdftex.def Info: Supporting/Chapter2/Figures/Coverage/DeltaCov_F3.pdf  
used on input line 384.
(pdftex.def)             Requested size: 520.34802pt x 346.89867pt.

Overfull \hbox (48.31679pt too wide) in paragraph at lines 384--385
 [][] 
 []

) [115 <./Supporting/Chapter2/Figures/Coverage/DeltaCov_F3.pdf>]
Overfull \hbox (21.98198pt too wide) in paragraph at lines 271--271
|\T1/ptm/b/n/24.88 Appendix 2: Sup-port-ing in-for-ma-tion for Chap-
 []

(Supporting/Chapter3/SI_Chapter3.texpdfTeX warning (ext4): destination with the
 same identifier (name{section.7.1}) has been already used, duplicate ignored
<to be read again> 
                   \relax 
l.1 ...se categories in PREDICTS and sample sizes}
                                                  
Overfull \hbox (4.51398pt too wide) in paragraph at lines 10--22
 [] 
 []

[116

]
<Supporting/Chapter3/Figures/SI_samplesizes.pdf, id=2916, 614.295pt x 433.62pt>

File: Supporting/Chapter3/Figures/SI_samplesizes.pdf Graphic file (type pdf)
<use Supporting/Chapter3/Figures/SI_samplesizes.pdf>
Package pdftex.def Info: Supporting/Chapter3/Figures/SI_samplesizes.pdf  used o
n input line 29.
(pdftex.def)             Requested size: 491.43666pt x 346.89647pt.

Overfull \hbox (19.40543pt too wide) in paragraph at lines 29--30
 [][] 
 []

[117 <./Supporting/Chapter3/Figures/SI_samplesizes.pdf>]
<Supporting/Chapter3/Figures/SI_samplesizes_fig3.pdf, id=2928, 614.295pt x 433.
62pt>
File: Supporting/Chapter3/Figures/SI_samplesizes_fig3.pdf Graphic file (type pd
f)
<use Supporting/Chapter3/Figures/SI_samplesizes_fig3.pdf>
Package pdftex.def Info: Supporting/Chapter3/Figures/SI_samplesizes_fig3.pdf  u
sed on input line 38.
(pdftex.def)             Requested size: 491.43666pt x 346.89647pt.

Overfull \hbox (19.40543pt too wide) in paragraph at lines 38--39
 [][] 
 []

[118 <./Supporting/Chapter3/Figures/SI_samplesizes_fig3.pdf>]pdfTeX warning (ex
t4): destination with the same identifier (name{section.7.2}) has been already 
used, duplicate ignored
<to be read again> 
                   \relax 
l.46 ...ata \& imputation of missing trait values}
                                                  
<Supporting/Chapter3/Figures/SI_Rangesize_HB.pdf, id=2942, 578.16pt x 505.89pt>

File: Supporting/Chapter3/Figures/SI_Rangesize_HB.pdf Graphic file (type pdf)
<use Supporting/Chapter3/Figures/SI_Rangesize_HB.pdf>
Package pdftex.def Info: Supporting/Chapter3/Figures/SI_Rangesize_HB.pdf  used 
on input line 53.
(pdftex.def)             Requested size: 346.89867pt x 303.53633pt.
<Supporting/Chapter3/Figures/SI_coverage.pdf, id=2946, 578.16pt x 289.08pt>
File: Supporting/Chapter3/Figures/SI_coverage.pdf Graphic file (type pdf)
<use Supporting/Chapter3/Figures/SI_coverage.pdf>
Package pdftex.def Info: Supporting/Chapter3/Figures/SI_coverage.pdf  used on i
nput line 63.
(pdftex.def)             Requested size: 462.52863pt x 231.2643pt.


LaTeX Warning: `!h' float specifier changed to `!ht'.

<Supporting/Chapter3/Figures/SI_completeness.pdf, id=2947, 433.62pt x 289.08pt>

File: Supporting/Chapter3/Figures/SI_completeness.pdf Graphic file (type pdf)
<use Supporting/Chapter3/Figures/SI_completeness.pdf>
Package pdftex.def Info: Supporting/Chapter3/Figures/SI_completeness.pdf  used 
on input line 71.
(pdftex.def)             Requested size: 346.89647pt x 231.2643pt.

LaTeX Warning: `!h' float specifier changed to `!ht'.

[119

 <./Supporting/Chapter3/Figures/SI_Rangesize_HB.pdf>] [120 <./Supporting/Chapte
r3/Figures/SI_coverage.pdf> <./Supporting/Chapter3/Figures/SI_completeness.pdf>
]
Overfull \hbox (2.78981pt too wide) in paragraph at lines 85--86
\T1/pcr/m/n/10.95 org / record / 3690867 # .Xyc5wyhKhPZ$[]\T1/ptm/m/n/10.95 ). 
For am-phib-ians, birds and rep-tiles (squa-mates only), I down-
 []

[121

] [122]pdfTeX warning (ext4): destination with the same identifier (name{sectio
n.7.3}) has been already used, duplicate ignored
<to be read again> 
                   \relax 
l.111 ...Degree of multicollinearity among traits}
                                                   [123]pdfTeX warning (ext4): 
destination with the same identifier (name{section.7.4}) has been already used,
 duplicate ignored
<to be read again> 
                   \relax 
l.136 \section{Imputation performance}
                                      
<Supporting/Chapter3/Figures/SI_dist_cont.pdf, id=3057, 505.89pt x 505.89pt>
File: Supporting/Chapter3/Figures/SI_dist_cont.pdf Graphic file (type pdf)
<use Supporting/Chapter3/Figures/SI_dist_cont.pdf>
Package pdftex.def Info: Supporting/Chapter3/Figures/SI_dist_cont.pdf  used on 
input line 141.
(pdftex.def)             Requested size: 404.71254pt x 404.71254pt.
 [124 <./Supporting/Chapter3/Figures/SI_dist_cont.pdf>]
<Supporting/Chapter3/Figures/SI_dist_cat.pdf, id=3071, 505.89pt x 505.89pt>
File: Supporting/Chapter3/Figures/SI_dist_cat.pdf Graphic file (type pdf)
<use Supporting/Chapter3/Figures/SI_dist_cat.pdf>
Package pdftex.def Info: Supporting/Chapter3/Figures/SI_dist_cat.pdf  used on i
nput line 150.
(pdftex.def)             Requested size: 404.71254pt x 404.71254pt.
 [125 <./Supporting/Chapter3/Figures/SI_dist_cat.pdf>]
<Supporting/Chapter3/Figures/SI_imputation_errors.pdf, id=3085, 505.89pt x 505.
89pt>
File: Supporting/Chapter3/Figures/SI_imputation_errors.pdf Graphic file (type p
df)
<use Supporting/Chapter3/Figures/SI_imputation_errors.pdf>
Package pdftex.def Info: Supporting/Chapter3/Figures/SI_imputation_errors.pdf  
used on input line 159.
(pdftex.def)             Requested size: 404.71254pt x 404.71254pt.
 [126 <./Supporting/Chapter3/Figures/SI_imputation_errors.pdf>]pdfTeX warning (
ext4): destination with the same identifier (name{section.7.5}) has been alread
y used, duplicate ignored
<to be read again> 
                   \relax 
l.166 ...tion{Functional loss and functional gain}
                                                  

LaTeX Warning: `!h' float specifier changed to `!ht'.

[127] [128] [129

]pdfTeX warning (ext4): destination with the same identifier (name{section.7.6}
) has been already used, duplicate ignored
<to be read again> 
                   \relax 
l.256 \section{Diagnostic plots}
                                
<Supporting/Chapter3/Figures/Diagnostics/SI_diagnostics_Model1a.pdf, id=3120, 3
56.33125pt x 490.83376pt>
File: Supporting/Chapter3/Figures/Diagnostics/SI_diagnostics_Model1a.pdf Graphi
c file (type pdf)
<use Supporting/Chapter3/Figures/Diagnostics/SI_diagnostics_Model1a.pdf>
Package pdftex.def Info: Supporting/Chapter3/Figures/Diagnostics/SI_diagnostics
_Model1a.pdf  used on input line 263.
(pdftex.def)             Requested size: 249.43016pt x 343.58128pt.
 [130

 <./Supporting/Chapter3/Figures/Diagnostics/SI_diagnostics_Model1a.pdf>]
<Supporting/Chapter3/Figures/Diagnostics/SI_diagnostics_Model1b.pdf, id=3137, 3
56.33125pt x 490.83376pt>
File: Supporting/Chapter3/Figures/Diagnostics/SI_diagnostics_Model1b.pdf Graphi
c file (type pdf)
<use Supporting/Chapter3/Figures/Diagnostics/SI_diagnostics_Model1b.pdf>
Package pdftex.def Info: Supporting/Chapter3/Figures/Diagnostics/SI_diagnostics
_Model1b.pdf  used on input line 274.
(pdftex.def)             Requested size: 249.43016pt x 343.58128pt.
 [131 <./Supporting/Chapter3/Figures/Diagnostics/SI_diagnostics_Model1b.pdf>]
<Supporting/Chapter3/Figures/Diagnostics/SI_diagnostics_Model2a.pdf, id=3153, 3
56.33125pt x 490.83376pt>
File: Supporting/Chapter3/Figures/Diagnostics/SI_diagnostics_Model2a.pdf Graphi
c file (type pdf)
<use Supporting/Chapter3/Figures/Diagnostics/SI_diagnostics_Model2a.pdf>
Package pdftex.def Info: Supporting/Chapter3/Figures/Diagnostics/SI_diagnostics
_Model2a.pdf  used on input line 284.
(pdftex.def)             Requested size: 249.43016pt x 343.58128pt.
 [132 <./Supporting/Chapter3/Figures/Diagnostics/SI_diagnostics_Model2a.pdf>]
<Supporting/Chapter3/Figures/Diagnostics/SI_diagnostics_Model2b.pdf, id=3170, 3
56.33125pt x 490.83376pt>
File: Supporting/Chapter3/Figures/Diagnostics/SI_diagnostics_Model2b.pdf Graphi
c file (type pdf)
<use Supporting/Chapter3/Figures/Diagnostics/SI_diagnostics_Model2b.pdf>
Package pdftex.def Info: Supporting/Chapter3/Figures/Diagnostics/SI_diagnostics
_Model2b.pdf  used on input line 294.
(pdftex.def)             Requested size: 249.43016pt x 343.58128pt.
 [133 <./Supporting/Chapter3/Figures/Diagnostics/SI_diagnostics_Model2b.pdf>]
<Supporting/Chapter3/Figures/Diagnostics/SI_diagnostics_Model3.pdf, id=3186, 84
0.13875pt x 454.69875pt>
File: Supporting/Chapter3/Figures/Diagnostics/SI_diagnostics_Model3.pdf Graphic
 file (type pdf)
<use Supporting/Chapter3/Figures/Diagnostics/SI_diagnostics_Model3.pdf>
Package pdftex.def Info: Supporting/Chapter3/Figures/Diagnostics/SI_diagnostics
_Model3.pdf  used on input line 305.
(pdftex.def)             Requested size: 504.08714pt x 272.82135pt.

Overfull \hbox (32.05591pt too wide) in paragraph at lines 305--306
 [][] 
 []

[134 <./Supporting/Chapter3/Figures/Diagnostics/SI_diagnostics_Model3.pdf>]
<Supporting/Chapter3/Figures/Diagnostics/Diag_model_4a.pdf, id=3203, 539.01375p
t x 592.2125pt>
File: Supporting/Chapter3/Figures/Diagnostics/Diag_model_4a.pdf Graphic file (t
ype pdf)
<use Supporting/Chapter3/Figures/Diagnostics/Diag_model_4a.pdf>
Package pdftex.def Info: Supporting/Chapter3/Figures/Diagnostics/Diag_model_4a.
pdf  used on input line 316.
(pdftex.def)             Requested size: 377.30704pt x 414.54591pt.

[135 <./Supporting/Chapter3/Figures/Diagnostics/Diag_model_4a.pdf>]
<Supporting/Chapter3/Figures/Diagnostics/Diag_model4b.pdf, id=3219, 363.3575pt 
x 592.2125pt>
File: Supporting/Chapter3/Figures/Diagnostics/Diag_model4b.pdf Graphic file (ty
pe pdf)
<use Supporting/Chapter3/Figures/Diagnostics/Diag_model4b.pdf>
Package pdftex.def Info: Supporting/Chapter3/Figures/Diagnostics/Diag_model4b.p
df  used on input line 326.
(pdftex.def)             Requested size: 254.3485pt x 414.54591pt.
<Supporting/Chapter3/Figures/Diagnostics/Model5a_diag.pdf, id=3222, 411.5375pt 
x 644.4075pt>
File: Supporting/Chapter3/Figures/Diagnostics/Model5a_diag.pdf Graphic file (ty
pe pdf)
<use Supporting/Chapter3/Figures/Diagnostics/Model5a_diag.pdf>
Package pdftex.def Info: Supporting/Chapter3/Figures/Diagnostics/Model5a_diag.p
df  used on input line 334.
(pdftex.def)             Requested size: 246.92441pt x 386.64748pt.


LaTeX Warning: `!h' float specifier changed to `!ht'.

<Supporting/Chapter3/Figures/Diagnostics/Model5b_diag.pdf, id=3225, 411.5375pt 
x 644.4075pt>
File: Supporting/Chapter3/Figures/Diagnostics/Model5b_diag.pdf Graphic file (ty
pe pdf)
<use Supporting/Chapter3/Figures/Diagnostics/Model5b_diag.pdf>
Package pdftex.def Info: Supporting/Chapter3/Figures/Diagnostics/Model5b_diag.p
df  used on input line 343.
(pdftex.def)             Requested size: 246.92441pt x 386.64748pt.

LaTeX Warning: `!h' float specifier changed to `!ht'.

[136 <./Supporting/Chapter3/Figures/Diagnostics/Diag_model4b.pdf>] [137 <./Supp
orting/Chapter3/Figures/Diagnostics/Model5a_diag.pdf>] [138 <./Supporting/Chapt
er3/Figures/Diagnostics/Model5b_diag.pdf>]pdfTeX warning (ext4): destination wi
th the same identifier (name{section.7.7}) has been already used, duplicate ign
ored
<to be read again> 
                   \relax 
l.351 \section{Model robustness}
                                
<Supporting/Chapter3/Figures/SI_Figure18.pdf, id=3268, 722.7pt x 433.62pt>
File: Supporting/Chapter3/Figures/SI_Figure18.pdf Graphic file (type pdf)
<use Supporting/Chapter3/Figures/SI_Figure18.pdf>
Package pdftex.def Info: Supporting/Chapter3/Figures/SI_Figure18.pdf  used on i
nput line 358.
(pdftex.def)             Requested size: 505.88655pt x 303.53192pt.

Overfull \hbox (33.85532pt too wide) in paragraph at lines 358--359
 [][] 
 []

<Supporting/Chapter3/Figures/SI_Figure19.pdf, id=3269, 722.7pt x 433.62pt>
File: Supporting/Chapter3/Figures/SI_Figure19.pdf Graphic file (type pdf)
<use Supporting/Chapter3/Figures/SI_Figure19.pdf>
Package pdftex.def Info: Supporting/Chapter3/Figures/SI_Figure19.pdf  used on i
nput line 366.
(pdftex.def)             Requested size: 505.88655pt x 303.53192pt.

Overfull \hbox (33.85532pt too wide) in paragraph at lines 366--367
 [][] 
 []


LaTeX Warning: `!h' float specifier changed to `!ht'.

<Supporting/Chapter3/Figures/Figure_SI_20.pdf, id=3270, 650.43pt x 505.89pt>
File: Supporting/Chapter3/Figures/Figure_SI_20.pdf Graphic file (type pdf)
<use Supporting/Chapter3/Figures/Figure_SI_20.pdf>
Package pdftex.def Info: Supporting/Chapter3/Figures/Figure_SI_20.pdf  used on 
input line 374.
(pdftex.def)             Requested size: 455.2979pt x 354.12057pt.

LaTeX Warning: `!h' float specifier changed to `!ht'.

<Supporting/Chapter3/Figures/Figure_SI_21.pdf, id=3271, 650.43pt x 505.89pt>
File: Supporting/Chapter3/Figures/Figure_SI_21.pdf Graphic file (type pdf)
<use Supporting/Chapter3/Figures/Figure_SI_21.pdf>
Package pdftex.def Info: Supporting/Chapter3/Figures/Figure_SI_21.pdf  used on 
input line 382.
(pdftex.def)             Requested size: 455.2979pt x 354.12057pt.

LaTeX Warning: `!h' float specifier changed to `!ht'.

<Supporting/Chapter3/Figures/SI_Figure22.pdf, id=3272, 722.7pt x 505.89pt>
File: Supporting/Chapter3/Figures/SI_Figure22.pdf Graphic file (type pdf)
<use Supporting/Chapter3/Figures/SI_Figure22.pdf>
Package pdftex.def Info: Supporting/Chapter3/Figures/SI_Figure22.pdf  used on i
nput line 393.
(pdftex.def)             Requested size: 505.88655pt x 354.12057pt.

Overfull \hbox (33.85532pt too wide) in paragraph at lines 393--394
 [][] 
 []


LaTeX Warning: `!h' float specifier changed to `!ht'.

<Supporting/Chapter3/Figures/SI_Comparison_complete.pdf, id=3273, 722.7pt x 650
.43pt>
File: Supporting/Chapter3/Figures/SI_Comparison_complete.pdf Graphic file (type
 pdf)
<use Supporting/Chapter3/Figures/SI_Comparison_complete.pdf>
Package pdftex.def Info: Supporting/Chapter3/Figures/SI_Comparison_complete.pdf
  used on input line 402.
(pdftex.def)             Requested size: 505.88655pt x 455.2979pt.

Overfull \hbox (33.85532pt too wide) in paragraph at lines 402--403
 [][] 
 []


LaTeX Warning: `!h' float specifier changed to `!ht'.

<Supporting/Chapter3/Figures/Figure_SI_23.pdf, id=3274, 722.7pt x 578.16pt>
File: Supporting/Chapter3/Figures/Figure_SI_23.pdf Graphic file (type pdf)
<use Supporting/Chapter3/Figures/Figure_SI_23.pdf>
Package pdftex.def Info: Supporting/Chapter3/Figures/Figure_SI_23.pdf  used on 
input line 410.
(pdftex.def)             Requested size: 505.88655pt x 404.70924pt.

Overfull \hbox (33.85532pt too wide) in paragraph at lines 410--411
 [][] 
 []


LaTeX Warning: `!h' float specifier changed to `!ht'.

[139

 <./Supporting/Chapter3/Figures/SI_Figure18.pdf>] [140 <./Supporting/Chapter3/F
igures/SI_Figure19.pdf>] [141 <./Supporting/Chapter3/Figures/Figure_SI_20.pdf>]
 [142 <./Supporting/Chapter3/Figures/Figure_SI_21.pdf>] [143 <./Supporting/Chap
ter3/Figures/SI_Figure22.pdf>] [144 <./Supporting/Chapter3/Figures/SI_Compariso
n_complete.pdf>] [145 <./Supporting/Chapter3/Figures/Figure_SI_23.pdf>]pdfTeX w
arning (ext4): destination with the same identifier (name{section.7.8}) has bee
n already used, duplicate ignored
<to be read again> 
                   \relax 
l.501 ...stness -- time since land-use conversion}
                                                   [146


]
<Supporting/Chapter3/Figures/SI_time_since_conv_FRic.pdf, id=3360, 578.16pt x 2
16.81pt>
File: Supporting/Chapter3/Figures/SI_time_since_conv_FRic.pdf Graphic file (typ
e pdf)
<use Supporting/Chapter3/Figures/SI_time_since_conv_FRic.pdf>
Package pdftex.def Info: Supporting/Chapter3/Figures/SI_time_since_conv_FRic.pd
f  used on input line 534.
(pdftex.def)             Requested size: 404.70924pt x 151.76596pt.
) [147 <./Supporting/Chapter3/Figures/SI_time_since_conv_FRic.pdf>] [148]
Overfull \hbox (21.98198pt too wide) in paragraph at lines 283--283
|\T1/ptm/b/n/24.88 Appendix 3: Sup-port-ing in-for-ma-tion for Chap-
 []

[149

]
Overfull \hbox (21.98198pt too wide) in paragraph at lines 296--296
|\T1/ptm/b/n/24.88 Appendix 4: Sup-port-ing in-for-ma-tion for Chap-
 []

(Supporting/Chapter5/SI_Chapter5.tex
Overfull \hbox (38.55655pt too wide) in paragraph at lines 10--18
 [] 
 []

<Supporting/Chapter5/Figures/Figure_Abundance_difference.pdf, id=3388, 578.16pt
 x 433.62pt>
File: Supporting/Chapter5/Figures/Figure_Abundance_difference.pdf Graphic file 
(type pdf)
<use Supporting/Chapter5/Figures/Figure_Abundance_difference.pdf>
Package pdftex.def Info: Supporting/Chapter5/Figures/Figure_Abundance_differenc
e.pdf  used on input line 41.
(pdftex.def)             Requested size: 520.33919pt x 390.2544pt.

Overfull \hbox (48.30795pt too wide) in paragraph at lines 41--42
 [][] 
 []


LaTeX Warning: `!h' float specifier changed to `!ht'.

<Supporting/Chapter5/Figures/Diagnostics_tRMR.pdf, id=3389, 650.43pt x 361.35pt
>
File: Supporting/Chapter5/Figures/Diagnostics_tRMR.pdf Graphic file (type pdf)
<use Supporting/Chapter5/Figures/Diagnostics_tRMR.pdf>
Package pdftex.def Info: Supporting/Chapter5/Figures/Diagnostics_tRMR.pdf  used
 on input line 51.
(pdftex.def)             Requested size: 487.8213pt x 271.01184pt.

Overfull \hbox (15.79007pt too wide) in paragraph at lines 51--52
 [][] 
 []


LaTeX Warning: `!h' float specifier changed to `!ht'.

<Supporting/Chapter5/Figures/tRMR_coefs_complete_VS_imputed.pdf, id=3392, 361.3
5pt x 505.89pt>
File: Supporting/Chapter5/Figures/tRMR_coefs_complete_VS_imputed.pdf Graphic fi
le (type pdf)
<use Supporting/Chapter5/Figures/tRMR_coefs_complete_VS_imputed.pdf>
Package pdftex.def Info: Supporting/Chapter5/Figures/tRMR_coefs_complete_VS_imp
uted.pdf  used on input line 59.
(pdftex.def)             Requested size: 252.94327pt x 354.12057pt.

LaTeX Warning: `!h' float specifier changed to `!ht'.

<Supporting/Chapter5/Figures/Complete_VS_imputed_total.pdf, id=3393, 650.43pt x
 650.43pt>
File: Supporting/Chapter5/Figures/Complete_VS_imputed_total.pdf Graphic file (t
ype pdf)
<use Supporting/Chapter5/Figures/Complete_VS_imputed_total.pdf>
Package pdftex.def Info: Supporting/Chapter5/Figures/Complete_VS_imputed_total.
pdf  used on input line 67.
(pdftex.def)             Requested size: 520.3447pt x 520.3447pt.

Overfull \hbox (48.31346pt too wide) in paragraph at lines 67--68
 [][] 
 []


LaTeX Warning: `!h' float specifier changed to `!ht'.

<Supporting/Chapter5/Figures/Diagnostic_plot_occurrence.pdf, id=3394, 722.7pt x
 433.62pt>
File: Supporting/Chapter5/Figures/Diagnostic_plot_occurrence.pdf Graphic file (
type pdf)
<use Supporting/Chapter5/Figures/Diagnostic_plot_occurrence.pdf>
Package pdftex.def Info: Supporting/Chapter5/Figures/Diagnostic_plot_occurrence
.pdf  used on input line 76.
(pdftex.def)             Requested size: 505.88655pt x 303.53192pt.

Overfull \hbox (33.85532pt too wide) in paragraph at lines 76--77
 [][] 
 []


LaTeX Warning: `!h' float specifier changed to `!ht'.

<Supporting/Chapter5/Figures/Occurrence_model_GLMER_mcmcglmm_coefs.pdf, id=3397
, 592.2125pt x 433.62pt>
File: Supporting/Chapter5/Figures/Occurrence_model_GLMER_mcmcglmm_coefs.pdf Gra
phic file (type pdf)
<use Supporting/Chapter5/Figures/Occurrence_model_GLMER_mcmcglmm_coefs.pdf>
Package pdftex.def Info: Supporting/Chapter5/Figures/Occurrence_model_GLMER_mcm
cglmm_coefs.pdf  used on input line 84.
(pdftex.def)             Requested size: 473.77063pt x 346.89647pt.

Overfull \hbox (1.7394pt too wide) in paragraph at lines 84--85
 [][] 
 []


LaTeX Warning: `!h' float specifier changed to `!ht'.

[150

]
<Supporting/Chapter5/Figures/Figure_predictions_slopes_Complete_data_v2.pdf, id
=3413, 650.43pt x 794.97pt>
File: Supporting/Chapter5/Figures/Figure_predictions_slopes_Complete_data_v2.pd
f Graphic file (type pdf)
<use Supporting/Chapter5/Figures/Figure_predictions_slopes_Complete_data_v2.pdf
>
Package pdftex.def Info: Supporting/Chapter5/Figures/Figure_predictions_slopes_
Complete_data_v2.pdf  used on input line 93.
(pdftex.def)             Requested size: 435.78583pt x 532.62714pt.


LaTeX Warning: `!h' float specifier changed to `!ht'.

) [151 <./Supporting/Chapter5/Figures/Figure_Abundance_difference.pdf>]
[152 <./Supporting/Chapter5/Figures/Diagnostics_tRMR.pdf>] [153 <./Supporting/C
hapter5/Figures/tRMR_coefs_complete_VS_imputed.pdf>] [154 <./Supporting/Chapter
5/Figures/Complete_VS_imputed_total.pdf>] [155 <./Supporting/Chapter5/Figures/D
iagnostic_plot_occurrence.pdf>] [156 <./Supporting/Chapter5/Figures/Occurrence_
model_GLMER_mcmcglmm_coefs.pdf>] [157 <./Supporting/Chapter5/Figures/Figure_pre
dictions_slopes_Complete_data_v2.pdf>] [158


] [159]
Overfull \hbox (20.67032pt too wide) in paragraph at lines 310--310
[][]\T1/ptm/m/n/10.95 Santos, T. (2018). Pack-age ` PVR '. Phy-lo-ge-netic Eige
n-vec-tors Re-gres-sion and Phy-lo-gen-tic Signal-Representation
 []

Package biblatex Info: Reference section=0 on input line 311.
[160]
Package atveryend Info: Empty hook `BeforeClearDocument' on input line 313.
Package atveryend Info: Empty hook `AfterLastShipout' on input line 313.
 (Thesis.aux)
Package atveryend Info: Executing hook `AtVeryEndDocument' on input line 313.
Package atveryend Info: Executing hook `AtEndAfterFileList' on input line 313.
Package rerunfilecheck Info: File `Thesis.out' has not changed.
(rerunfilecheck)             Checksum: 51D6333F4EACCEFBC6F0DAF3F1E464AC;6546.
Package logreq Info: Writing requests to 'Thesis.run.xml'.
\openout1 = `Thesis.run.xml'.

 ) 
Here is how much of TeX's memory you used:
 31707 strings out of 480930
 626702 string characters out of 2909547
 1751223 words of memory out of 3000000
 46353 multiletter control sequences out of 15000+200000
 596596 words of font info for 103 fonts, out of 3000000 for 9000
 1141 hyphenation exceptions out of 8191
 60i,14n,72p,2929b,2055s stack positions out of 5000i,500n,10000p,200000b,50000s
{C:/Program Files/MiKTeX 2.9/fonts/enc/dvips/base/8r.enc}<C:/Program Files/Mi
KTeX 2.9/fonts/type1/public/amsfonts/cm/cmmi10.pfb><C:/Program Files/MiKTeX 2.9
/fonts/type1/public/amsfonts/cm/cmmi6.pfb><C:/Program Files/MiKTeX 2.9/fonts/ty
pe1/public/amsfonts/cm/cmmi8.pfb><C:/Program Files/MiKTeX 2.9/fonts/type1/publi
c/amsfonts/cm/cmmi9.pfb><C:/Program Files/MiKTeX 2.9/fonts/type1/public/amsfont
s/cm/cmr10.pfb><C:/Program Files/MiKTeX 2.9/fonts/type1/public/amsfonts/cm/cmr6
.pfb><C:/Program Files/MiKTeX 2.9/fonts/type1/public/amsfonts/cm/cmr8.pfb><C:/P
rogram Files/MiKTeX 2.9/fonts/type1/public/amsfonts/cm/cmr9.pfb><C:/Program Fil
es/MiKTeX 2.9/fonts/type1/public/amsfonts/cm/cmsy10.pfb><C:/Program Files/MiKTe
X 2.9/fonts/type1/public/amsfonts/cm/cmsy8.pfb><C:/Program Files/MiKTeX 2.9/fon
ts/type1/public/amsfonts/cm/cmsy9.pfb><C:/Program Files/MiKTeX 2.9/fonts/type1/
public/amsfonts/symbols/msbm10.pfb><C:/Program Files/MiKTeX 2.9/fonts/type1/urw
/courier/ucrr8a.pfb><C:/Program Files/MiKTeX 2.9/fonts/type1/urw/helvetic/uhvr8
a.pfb><C:/Program Files/MiKTeX 2.9/fonts/type1/urw/times/utmb8a.pfb><C:/Program
 Files/MiKTeX 2.9/fonts/type1/urw/times/utmbi8a.pfb><C:/Program Files/MiKTeX 2.
9/fonts/type1/urw/times/utmr8a.pfb><C:/Program Files/MiKTeX 2.9/fonts/type1/urw
/times/utmri8a.pfb>
Output written on Thesis.pdf (161 pages, 11584651 bytes).
PDF statistics:
 3734 PDF objects out of 4296 (max. 8388607)
 584 named destinations out of 1000 (max. 500000)
 963 words of extra memory for PDF output out of 10000 (max. 10000000)

